[2024-08-09 08:33:47] local.ERROR: Cannot declare class Chatify\Http\Controllers\Api\MessagesController, because the name is already in use {"exception":"[object] (Symfony\\Component\\ErrorHandler\\Error\\FatalError(code: 0): Cannot declare class Chatify\\Http\\Controllers\\Api\\MessagesController, because the name is already in use at /opt/lampp/htdocs/sweetman/app/Http/Controllers/Chat/Api/MessagesController.php:18)
[stacktrace]
#0 {main}
"} 
[2024-08-09 09:06:44] production.ERROR: Command "o:c" is ambiguous.
Did you mean one of these?
    optimize:clear  Remove the cached bootstrap files
    orders:complete Complete incompleted order items. {"exception":"[object] (Symfony\\Component\\Console\\Exception\\CommandNotFoundException(code: 0): Command \"o:c\" is ambiguous.
Did you mean one of these?
    optimize:clear  Remove the cached bootstrap files
    orders:complete Complete incompleted order items. at /opt/lampp/htdocs/sweetman/vendor/symfony/console/Application.php:778)
[stacktrace]
#0 /opt/lampp/htdocs/sweetman/vendor/symfony/console/Application.php(266): Symfony\\Component\\Console\\Application->find()
#1 /opt/lampp/htdocs/sweetman/vendor/symfony/console/Application.php(175): Symfony\\Component\\Console\\Application->doRun()
#2 /opt/lampp/htdocs/sweetman/vendor/laravel/framework/src/Illuminate/Foundation/Console/Kernel.php(201): Symfony\\Component\\Console\\Application->run()
#3 /opt/lampp/htdocs/sweetman/artisan(35): Illuminate\\Foundation\\Console\\Kernel->handle()
#4 {main}
"} 
[2024-08-09 09:07:23] production.ERROR: file_put_contents(/opt/lampp/htdocs/sweetman/storage/framework/views/a7f08a2d3828ee84d2f50e7e5fb96924.php): Failed to open stream: Permission denied {"view":{"view":"/opt/lampp/htdocs/sweetman/storage/framework/views/a1ae737b0fe2357c980ee44add647707.blade.php","data":[]},"exception":"[object] (Spatie\\LaravelIgnition\\Exceptions\\ViewException(code: 0): file_put_contents(/opt/lampp/htdocs/sweetman/storage/framework/views/a7f08a2d3828ee84d2f50e7e5fb96924.php): Failed to open stream: Permission denied at /opt/lampp/htdocs/sweetman/vendor/laravel/framework/src/Illuminate/Filesystem/Filesystem.php:204)
[stacktrace]
#0 /opt/lampp/htdocs/sweetman/vendor/laravel/framework/src/Illuminate/Foundation/Bootstrap/HandleExceptions.php(255): Illuminate\\Foundation\\Bootstrap\\HandleExceptions->handleError()
#1 [internal function]: Illuminate\\Foundation\\Bootstrap\\HandleExceptions->Illuminate\\Foundation\\Bootstrap\\{closure}()
#2 /opt/lampp/htdocs/sweetman/vendor/laravel/framework/src/Illuminate/Filesystem/Filesystem.php(204): file_put_contents()
#3 /opt/lampp/htdocs/sweetman/vendor/laravel/framework/src/Illuminate/View/Compilers/BladeCompiler.php(194): Illuminate\\Filesystem\\Filesystem->put()
#4 /opt/lampp/htdocs/sweetman/vendor/laravel/framework/src/Illuminate/View/Engines/CompilerEngine.php(64): Illuminate\\View\\Compilers\\BladeCompiler->compile()
#5 /opt/lampp/htdocs/sweetman/vendor/livewire/livewire/src/ComponentConcerns/RendersLivewireComponents.php(35): Illuminate\\View\\Engines\\CompilerEngine->get()
#6 /opt/lampp/htdocs/sweetman/vendor/laravel/framework/src/Illuminate/View/View.php(207): Livewire\\LivewireViewCompilerEngine->get()
#7 /opt/lampp/htdocs/sweetman/vendor/laravel/framework/src/Illuminate/View/View.php(190): Illuminate\\View\\View->getContents()
#8 /opt/lampp/htdocs/sweetman/vendor/laravel/framework/src/Illuminate/View/View.php(159): Illuminate\\View\\View->renderContents()
#9 /opt/lampp/htdocs/sweetman/vendor/laravel/framework/src/Illuminate/View/Concerns/ManagesComponents.php(103): Illuminate\\View\\View->render()
#10 /opt/lampp/htdocs/sweetman/resources/views/vendor/wireui/components/notifications.blade.php(106): Illuminate\\View\\Factory->renderComponent()
#11 /opt/lampp/htdocs/sweetman/vendor/laravel/framework/src/Illuminate/Filesystem/Filesystem.php(123): require('...')
#12 /opt/lampp/htdocs/sweetman/vendor/laravel/framework/src/Illuminate/Filesystem/Filesystem.php(124): Illuminate\\Filesystem\\Filesystem::Illuminate\\Filesystem\\{closure}()
#13 /opt/lampp/htdocs/sweetman/vendor/laravel/framework/src/Illuminate/View/Engines/PhpEngine.php(58): Illuminate\\Filesystem\\Filesystem->getRequire()
#14 /opt/lampp/htdocs/sweetman/vendor/livewire/livewire/src/ComponentConcerns/RendersLivewireComponents.php(69): Illuminate\\View\\Engines\\PhpEngine->evaluatePath()
#15 /opt/lampp/htdocs/sweetman/vendor/laravel/framework/src/Illuminate/View/Engines/CompilerEngine.php(72): Livewire\\LivewireViewCompilerEngine->evaluatePath()
#16 /opt/lampp/htdocs/sweetman/vendor/livewire/livewire/src/ComponentConcerns/RendersLivewireComponents.php(35): Illuminate\\View\\Engines\\CompilerEngine->get()
#17 /opt/lampp/htdocs/sweetman/vendor/laravel/framework/src/Illuminate/View/View.php(207): Livewire\\LivewireViewCompilerEngine->get()
#18 /opt/lampp/htdocs/sweetman/vendor/laravel/framework/src/Illuminate/View/View.php(190): Illuminate\\View\\View->getContents()
#19 /opt/lampp/htdocs/sweetman/vendor/laravel/framework/src/Illuminate/View/View.php(159): Illuminate\\View\\View->renderContents()
#20 /opt/lampp/htdocs/sweetman/vendor/laravel/framework/src/Illuminate/View/Concerns/ManagesComponents.php(99): Illuminate\\View\\View->render()
#21 /opt/lampp/htdocs/sweetman/resources/views/livewire/main/layout/app.blade.php(274): Illuminate\\View\\Factory->renderComponent()
#22 /opt/lampp/htdocs/sweetman/vendor/laravel/framework/src/Illuminate/Filesystem/Filesystem.php(123): require('...')
#23 /opt/lampp/htdocs/sweetman/vendor/laravel/framework/src/Illuminate/Filesystem/Filesystem.php(124): Illuminate\\Filesystem\\Filesystem::Illuminate\\Filesystem\\{closure}()
#24 /opt/lampp/htdocs/sweetman/vendor/laravel/framework/src/Illuminate/View/Engines/PhpEngine.php(58): Illuminate\\Filesystem\\Filesystem->getRequire()
#25 /opt/lampp/htdocs/sweetman/vendor/livewire/livewire/src/ComponentConcerns/RendersLivewireComponents.php(69): Illuminate\\View\\Engines\\PhpEngine->evaluatePath()
#26 /opt/lampp/htdocs/sweetman/vendor/laravel/framework/src/Illuminate/View/Engines/CompilerEngine.php(72): Livewire\\LivewireViewCompilerEngine->evaluatePath()
#27 /opt/lampp/htdocs/sweetman/vendor/livewire/livewire/src/ComponentConcerns/RendersLivewireComponents.php(35): Illuminate\\View\\Engines\\CompilerEngine->get()
#28 /opt/lampp/htdocs/sweetman/vendor/laravel/framework/src/Illuminate/View/View.php(207): Livewire\\LivewireViewCompilerEngine->get()
#29 /opt/lampp/htdocs/sweetman/vendor/laravel/framework/src/Illuminate/View/View.php(190): Illuminate\\View\\View->getContents()
#30 /opt/lampp/htdocs/sweetman/vendor/laravel/framework/src/Illuminate/View/View.php(159): Illuminate\\View\\View->renderContents()
#31 /opt/lampp/htdocs/sweetman/vendor/livewire/livewire/src/Macros/livewire-view-extends.blade.php(5): Illuminate\\View\\View->render()
#32 /opt/lampp/htdocs/sweetman/vendor/laravel/framework/src/Illuminate/Filesystem/Filesystem.php(123): require('...')
#33 /opt/lampp/htdocs/sweetman/vendor/laravel/framework/src/Illuminate/Filesystem/Filesystem.php(124): Illuminate\\Filesystem\\Filesystem::Illuminate\\Filesystem\\{closure}()
#34 /opt/lampp/htdocs/sweetman/vendor/laravel/framework/src/Illuminate/View/Engines/PhpEngine.php(58): Illuminate\\Filesystem\\Filesystem->getRequire()
#35 /opt/lampp/htdocs/sweetman/vendor/livewire/livewire/src/ComponentConcerns/RendersLivewireComponents.php(69): Illuminate\\View\\Engines\\PhpEngine->evaluatePath()
#36 /opt/lampp/htdocs/sweetman/vendor/laravel/framework/src/Illuminate/View/Engines/CompilerEngine.php(72): Livewire\\LivewireViewCompilerEngine->evaluatePath()
#37 /opt/lampp/htdocs/sweetman/vendor/livewire/livewire/src/ComponentConcerns/RendersLivewireComponents.php(35): Illuminate\\View\\Engines\\CompilerEngine->get()
#38 /opt/lampp/htdocs/sweetman/vendor/laravel/framework/src/Illuminate/View/View.php(207): Livewire\\LivewireViewCompilerEngine->get()
#39 /opt/lampp/htdocs/sweetman/vendor/laravel/framework/src/Illuminate/View/View.php(190): Illuminate\\View\\View->getContents()
#40 /opt/lampp/htdocs/sweetman/vendor/laravel/framework/src/Illuminate/View/View.php(159): Illuminate\\View\\View->renderContents()
#41 /opt/lampp/htdocs/sweetman/vendor/laravel/framework/src/Illuminate/Http/Response.php(69): Illuminate\\View\\View->render()
#42 /opt/lampp/htdocs/sweetman/vendor/laravel/framework/src/Illuminate/Http/Response.php(35): Illuminate\\Http\\Response->setContent()
#43 /opt/lampp/htdocs/sweetman/vendor/laravel/framework/src/Illuminate/Routing/Router.php(918): Illuminate\\Http\\Response->__construct()
#44 /opt/lampp/htdocs/sweetman/vendor/laravel/framework/src/Illuminate/Routing/Router.php(885): Illuminate\\Routing\\Router::toResponse()
#45 /opt/lampp/htdocs/sweetman/vendor/laravel/framework/src/Illuminate/Routing/Router.php(805): Illuminate\\Routing\\Router->prepareResponse()
#46 /opt/lampp/htdocs/sweetman/vendor/laravel/framework/src/Illuminate/Pipeline/Pipeline.php(144): Illuminate\\Routing\\Router->Illuminate\\Routing\\{closure}()
#47 /opt/lampp/htdocs/sweetman/vendor/ralphjsmit/livewire-urls/src/Middleware/LivewireUrlsMiddleware.php(32): Illuminate\\Pipeline\\Pipeline->Illuminate\\Pipeline\\{closure}()
#48 /opt/lampp/htdocs/sweetman/vendor/laravel/framework/src/Illuminate/Pipeline/Pipeline.php(183): RalphJSmit\\Livewire\\Urls\\Middleware\\LivewireUrlsMiddleware->handle()
#49 /opt/lampp/htdocs/sweetman/app/Http/Middleware/XFrameHeaders.php(31): Illuminate\\Pipeline\\Pipeline->Illuminate\\Pipeline\\{closure}()
#50 /opt/lampp/htdocs/sweetman/vendor/laravel/framework/src/Illuminate/Pipeline/Pipeline.php(183): App\\Http\\Middleware\\XFrameHeaders->handle()
#51 /opt/lampp/htdocs/sweetman/app/Http/Middleware/UpgradeLevel.php(95): Illuminate\\Pipeline\\Pipeline->Illuminate\\Pipeline\\{closure}()
#52 /opt/lampp/htdocs/sweetman/vendor/laravel/framework/src/Illuminate/Pipeline/Pipeline.php(183): App\\Http\\Middleware\\UpgradeLevel->handle()
#53 /opt/lampp/htdocs/sweetman/app/Http/Middleware/UserLastActivity.php(25): Illuminate\\Pipeline\\Pipeline->Illuminate\\Pipeline\\{closure}()
#54 /opt/lampp/htdocs/sweetman/vendor/laravel/framework/src/Illuminate/Pipeline/Pipeline.php(183): App\\Http\\Middleware\\UserLastActivity->handle()
#55 /opt/lampp/htdocs/sweetman/app/Http/Middleware/SetLocale.php(65): Illuminate\\Pipeline\\Pipeline->Illuminate\\Pipeline\\{closure}()
#56 /opt/lampp/htdocs/sweetman/vendor/laravel/framework/src/Illuminate/Pipeline/Pipeline.php(183): App\\Http\\Middleware\\SetLocale->handle()
#57 /opt/lampp/htdocs/sweetman/vendor/laravel/framework/src/Illuminate/Routing/Middleware/SubstituteBindings.php(50): Illuminate\\Pipeline\\Pipeline->Illuminate\\Pipeline\\{closure}()
#58 /opt/lampp/htdocs/sweetman/vendor/laravel/framework/src/Illuminate/Pipeline/Pipeline.php(183): Illuminate\\Routing\\Middleware\\SubstituteBindings->handle()
#59 /opt/lampp/htdocs/sweetman/vendor/laravel/framework/src/Illuminate/Session/Middleware/AuthenticateSession.php(41): Illuminate\\Pipeline\\Pipeline->Illuminate\\Pipeline\\{closure}()
#60 /opt/lampp/htdocs/sweetman/vendor/laravel/framework/src/Illuminate/Pipeline/Pipeline.php(183): Illuminate\\Session\\Middleware\\AuthenticateSession->handle()
#61 /opt/lampp/htdocs/sweetman/vendor/laravel/framework/src/Illuminate/Foundation/Http/Middleware/VerifyCsrfToken.php(78): Illuminate\\Pipeline\\Pipeline->Illuminate\\Pipeline\\{closure}()
#62 /opt/lampp/htdocs/sweetman/app/Http/Middleware/VerifyCsrfToken.php(34): Illuminate\\Foundation\\Http\\Middleware\\VerifyCsrfToken->handle()
#63 /opt/lampp/htdocs/sweetman/vendor/laravel/framework/src/Illuminate/Pipeline/Pipeline.php(183): App\\Http\\Middleware\\VerifyCsrfToken->handle()
#64 /opt/lampp/htdocs/sweetman/vendor/laravel/framework/src/Illuminate/View/Middleware/ShareErrorsFromSession.php(49): Illuminate\\Pipeline\\Pipeline->Illuminate\\Pipeline\\{closure}()
#65 /opt/lampp/htdocs/sweetman/vendor/laravel/framework/src/Illuminate/Pipeline/Pipeline.php(183): Illuminate\\View\\Middleware\\ShareErrorsFromSession->handle()
#66 /opt/lampp/htdocs/sweetman/vendor/laravel/framework/src/Illuminate/Session/Middleware/StartSession.php(121): Illuminate\\Pipeline\\Pipeline->Illuminate\\Pipeline\\{closure}()
#67 /opt/lampp/htdocs/sweetman/vendor/laravel/framework/src/Illuminate/Session/Middleware/StartSession.php(64): Illuminate\\Session\\Middleware\\StartSession->handleStatefulRequest()
#68 /opt/lampp/htdocs/sweetman/vendor/laravel/framework/src/Illuminate/Pipeline/Pipeline.php(183): Illuminate\\Session\\Middleware\\StartSession->handle()
#69 /opt/lampp/htdocs/sweetman/vendor/laravel/framework/src/Illuminate/Cookie/Middleware/AddQueuedCookiesToResponse.php(37): Illuminate\\Pipeline\\Pipeline->Illuminate\\Pipeline\\{closure}()
#70 /opt/lampp/htdocs/sweetman/vendor/laravel/framework/src/Illuminate/Pipeline/Pipeline.php(183): Illuminate\\Cookie\\Middleware\\AddQueuedCookiesToResponse->handle()
#71 /opt/lampp/htdocs/sweetman/vendor/laravel/framework/src/Illuminate/Cookie/Middleware/EncryptCookies.php(67): Illuminate\\Pipeline\\Pipeline->Illuminate\\Pipeline\\{closure}()
#72 /opt/lampp/htdocs/sweetman/vendor/laravel/framework/src/Illuminate/Pipeline/Pipeline.php(183): Illuminate\\Cookie\\Middleware\\EncryptCookies->handle()
#73 /opt/lampp/htdocs/sweetman/vendor/laravel/framework/src/Illuminate/Pipeline/Pipeline.php(119): Illuminate\\Pipeline\\Pipeline->Illuminate\\Pipeline\\{closure}()
#74 /opt/lampp/htdocs/sweetman/vendor/laravel/framework/src/Illuminate/Routing/Router.php(805): Illuminate\\Pipeline\\Pipeline->then()
#75 /opt/lampp/htdocs/sweetman/vendor/laravel/framework/src/Illuminate/Routing/Router.php(784): Illuminate\\Routing\\Router->runRouteWithinStack()
#76 /opt/lampp/htdocs/sweetman/vendor/laravel/framework/src/Illuminate/Routing/Router.php(748): Illuminate\\Routing\\Router->runRoute()
#77 /opt/lampp/htdocs/sweetman/vendor/laravel/framework/src/Illuminate/Routing/Router.php(737): Illuminate\\Routing\\Router->dispatchToRoute()
#78 /opt/lampp/htdocs/sweetman/vendor/laravel/framework/src/Illuminate/Foundation/Http/Kernel.php(200): Illuminate\\Routing\\Router->dispatch()
#79 /opt/lampp/htdocs/sweetman/vendor/laravel/framework/src/Illuminate/Pipeline/Pipeline.php(144): Illuminate\\Foundation\\Http\\Kernel->Illuminate\\Foundation\\Http\\{closure}()
#80 /opt/lampp/htdocs/sweetman/vendor/lukeraymonddowning/honey/src/Http/Middleware/BlockSpammers.php(19): Illuminate\\Pipeline\\Pipeline->Illuminate\\Pipeline\\{closure}()
#81 /opt/lampp/htdocs/sweetman/vendor/laravel/framework/src/Illuminate/Pipeline/Pipeline.php(183): Lukeraymonddowning\\Honey\\Http\\Middleware\\BlockSpammers->handle()
#82 /opt/lampp/htdocs/sweetman/vendor/livewire/livewire/src/DisableBrowserCache.php(19): Illuminate\\Pipeline\\Pipeline->Illuminate\\Pipeline\\{closure}()
#83 /opt/lampp/htdocs/sweetman/vendor/laravel/framework/src/Illuminate/Pipeline/Pipeline.php(183): Livewire\\DisableBrowserCache->handle()
#84 /opt/lampp/htdocs/sweetman/vendor/barryvdh/laravel-debugbar/src/Middleware/InjectDebugbar.php(59): Illuminate\\Pipeline\\Pipeline->Illuminate\\Pipeline\\{closure}()
#85 /opt/lampp/htdocs/sweetman/vendor/laravel/framework/src/Illuminate/Pipeline/Pipeline.php(183): Barryvdh\\Debugbar\\Middleware\\InjectDebugbar->handle()
#86 /opt/lampp/htdocs/sweetman/vendor/laravel/framework/src/Illuminate/Foundation/Http/Middleware/TransformsRequest.php(21): Illuminate\\Pipeline\\Pipeline->Illuminate\\Pipeline\\{closure}()
#87 /opt/lampp/htdocs/sweetman/vendor/laravel/framework/src/Illuminate/Foundation/Http/Middleware/ConvertEmptyStringsToNull.php(31): Illuminate\\Foundation\\Http\\Middleware\\TransformsRequest->handle()
#88 /opt/lampp/htdocs/sweetman/vendor/laravel/framework/src/Illuminate/Pipeline/Pipeline.php(183): Illuminate\\Foundation\\Http\\Middleware\\ConvertEmptyStringsToNull->handle()
#89 /opt/lampp/htdocs/sweetman/vendor/laravel/framework/src/Illuminate/Foundation/Http/Middleware/TransformsRequest.php(21): Illuminate\\Pipeline\\Pipeline->Illuminate\\Pipeline\\{closure}()
#90 /opt/lampp/htdocs/sweetman/vendor/laravel/framework/src/Illuminate/Foundation/Http/Middleware/TrimStrings.php(40): Illuminate\\Foundation\\Http\\Middleware\\TransformsRequest->handle()
#91 /opt/lampp/htdocs/sweetman/vendor/laravel/framework/src/Illuminate/Pipeline/Pipeline.php(183): Illuminate\\Foundation\\Http\\Middleware\\TrimStrings->handle()
#92 /opt/lampp/htdocs/sweetman/vendor/laravel/framework/src/Illuminate/Foundation/Http/Middleware/ValidatePostSize.php(27): Illuminate\\Pipeline\\Pipeline->Illuminate\\Pipeline\\{closure}()
#93 /opt/lampp/htdocs/sweetman/vendor/laravel/framework/src/Illuminate/Pipeline/Pipeline.php(183): Illuminate\\Foundation\\Http\\Middleware\\ValidatePostSize->handle()
#94 /opt/lampp/htdocs/sweetman/vendor/laravel/framework/src/Illuminate/Foundation/Http/Middleware/PreventRequestsDuringMaintenance.php(99): Illuminate\\Pipeline\\Pipeline->Illuminate\\Pipeline\\{closure}()
#95 /opt/lampp/htdocs/sweetman/vendor/laravel/framework/src/Illuminate/Pipeline/Pipeline.php(183): Illuminate\\Foundation\\Http\\Middleware\\PreventRequestsDuringMaintenance->handle()
#96 /opt/lampp/htdocs/sweetman/vendor/laravel/framework/src/Illuminate/Http/Middleware/HandleCors.php(49): Illuminate\\Pipeline\\Pipeline->Illuminate\\Pipeline\\{closure}()
#97 /opt/lampp/htdocs/sweetman/vendor/laravel/framework/src/Illuminate/Pipeline/Pipeline.php(183): Illuminate\\Http\\Middleware\\HandleCors->handle()
#98 /opt/lampp/htdocs/sweetman/vendor/laravel/framework/src/Illuminate/Http/Middleware/TrustProxies.php(39): Illuminate\\Pipeline\\Pipeline->Illuminate\\Pipeline\\{closure}()
#99 /opt/lampp/htdocs/sweetman/vendor/laravel/framework/src/Illuminate/Pipeline/Pipeline.php(183): Illuminate\\Http\\Middleware\\TrustProxies->handle()
#100 /opt/lampp/htdocs/sweetman/vendor/laravel/framework/src/Illuminate/Pipeline/Pipeline.php(119): Illuminate\\Pipeline\\Pipeline->Illuminate\\Pipeline\\{closure}()
#101 /opt/lampp/htdocs/sweetman/vendor/laravel/framework/src/Illuminate/Foundation/Http/Kernel.php(175): Illuminate\\Pipeline\\Pipeline->then()
#102 /opt/lampp/htdocs/sweetman/vendor/laravel/framework/src/Illuminate/Foundation/Http/Kernel.php(144): Illuminate\\Foundation\\Http\\Kernel->sendRequestThroughRouter()
#103 /opt/lampp/htdocs/sweetman/public/index.php(54): Illuminate\\Foundation\\Http\\Kernel->handle()
#104 /opt/lampp/htdocs/sweetman/vendor/laravel/framework/src/Illuminate/Foundation/resources/server.php(16): require_once('...')
#105 {main}

[previous exception] [object] (ErrorException(code: 0): file_put_contents(/opt/lampp/htdocs/sweetman/storage/framework/views/a7f08a2d3828ee84d2f50e7e5fb96924.php): Failed to open stream: Permission denied at /opt/lampp/htdocs/sweetman/vendor/laravel/framework/src/Illuminate/Filesystem/Filesystem.php:204)
[stacktrace]
#0 /opt/lampp/htdocs/sweetman/vendor/laravel/framework/src/Illuminate/Foundation/Bootstrap/HandleExceptions.php(255): Illuminate\\Foundation\\Bootstrap\\HandleExceptions->handleError()
#1 [internal function]: Illuminate\\Foundation\\Bootstrap\\HandleExceptions->Illuminate\\Foundation\\Bootstrap\\{closure}()
#2 /opt/lampp/htdocs/sweetman/vendor/laravel/framework/src/Illuminate/Filesystem/Filesystem.php(204): file_put_contents()
#3 /opt/lampp/htdocs/sweetman/vendor/laravel/framework/src/Illuminate/View/Compilers/BladeCompiler.php(194): Illuminate\\Filesystem\\Filesystem->put()
#4 /opt/lampp/htdocs/sweetman/vendor/laravel/framework/src/Illuminate/View/Engines/CompilerEngine.php(64): Illuminate\\View\\Compilers\\BladeCompiler->compile()
#5 /opt/lampp/htdocs/sweetman/vendor/livewire/livewire/src/ComponentConcerns/RendersLivewireComponents.php(35): Illuminate\\View\\Engines\\CompilerEngine->get()
#6 /opt/lampp/htdocs/sweetman/vendor/laravel/framework/src/Illuminate/View/View.php(207): Livewire\\LivewireViewCompilerEngine->get()
#7 /opt/lampp/htdocs/sweetman/vendor/laravel/framework/src/Illuminate/View/View.php(190): Illuminate\\View\\View->getContents()
#8 /opt/lampp/htdocs/sweetman/vendor/laravel/framework/src/Illuminate/View/View.php(159): Illuminate\\View\\View->renderContents()
#9 /opt/lampp/htdocs/sweetman/vendor/laravel/framework/src/Illuminate/View/Concerns/ManagesComponents.php(103): Illuminate\\View\\View->render()
#10 /opt/lampp/htdocs/sweetman/storage/framework/views/483b3f2cba14728726640135fb2d37ee.php(116): Illuminate\\View\\Factory->renderComponent()
#11 /opt/lampp/htdocs/sweetman/vendor/laravel/framework/src/Illuminate/Filesystem/Filesystem.php(123): require('...')
#12 /opt/lampp/htdocs/sweetman/vendor/laravel/framework/src/Illuminate/Filesystem/Filesystem.php(124): Illuminate\\Filesystem\\Filesystem::Illuminate\\Filesystem\\{closure}()
#13 /opt/lampp/htdocs/sweetman/vendor/laravel/framework/src/Illuminate/View/Engines/PhpEngine.php(58): Illuminate\\Filesystem\\Filesystem->getRequire()
#14 /opt/lampp/htdocs/sweetman/vendor/livewire/livewire/src/ComponentConcerns/RendersLivewireComponents.php(69): Illuminate\\View\\Engines\\PhpEngine->evaluatePath()
#15 /opt/lampp/htdocs/sweetman/vendor/laravel/framework/src/Illuminate/View/Engines/CompilerEngine.php(72): Livewire\\LivewireViewCompilerEngine->evaluatePath()
#16 /opt/lampp/htdocs/sweetman/vendor/livewire/livewire/src/ComponentConcerns/RendersLivewireComponents.php(35): Illuminate\\View\\Engines\\CompilerEngine->get()
#17 /opt/lampp/htdocs/sweetman/vendor/laravel/framework/src/Illuminate/View/View.php(207): Livewire\\LivewireViewCompilerEngine->get()
#18 /opt/lampp/htdocs/sweetman/vendor/laravel/framework/src/Illuminate/View/View.php(190): Illuminate\\View\\View->getContents()
#19 /opt/lampp/htdocs/sweetman/vendor/laravel/framework/src/Illuminate/View/View.php(159): Illuminate\\View\\View->renderContents()
#20 /opt/lampp/htdocs/sweetman/vendor/laravel/framework/src/Illuminate/View/Concerns/ManagesComponents.php(99): Illuminate\\View\\View->render()
#21 /opt/lampp/htdocs/sweetman/storage/framework/views/f744e86e7dd30838996952e605a85619.php(290): Illuminate\\View\\Factory->renderComponent()
#22 /opt/lampp/htdocs/sweetman/vendor/laravel/framework/src/Illuminate/Filesystem/Filesystem.php(123): require('...')
#23 /opt/lampp/htdocs/sweetman/vendor/laravel/framework/src/Illuminate/Filesystem/Filesystem.php(124): Illuminate\\Filesystem\\Filesystem::Illuminate\\Filesystem\\{closure}()
#24 /opt/lampp/htdocs/sweetman/vendor/laravel/framework/src/Illuminate/View/Engines/PhpEngine.php(58): Illuminate\\Filesystem\\Filesystem->getRequire()
#25 /opt/lampp/htdocs/sweetman/vendor/livewire/livewire/src/ComponentConcerns/RendersLivewireComponents.php(69): Illuminate\\View\\Engines\\PhpEngine->evaluatePath()
#26 /opt/lampp/htdocs/sweetman/vendor/laravel/framework/src/Illuminate/View/Engines/CompilerEngine.php(72): Livewire\\LivewireViewCompilerEngine->evaluatePath()
#27 /opt/lampp/htdocs/sweetman/vendor/livewire/livewire/src/ComponentConcerns/RendersLivewireComponents.php(35): Illuminate\\View\\Engines\\CompilerEngine->get()
#28 /opt/lampp/htdocs/sweetman/vendor/laravel/framework/src/Illuminate/View/View.php(207): Livewire\\LivewireViewCompilerEngine->get()
#29 /opt/lampp/htdocs/sweetman/vendor/laravel/framework/src/Illuminate/View/View.php(190): Illuminate\\View\\View->getContents()
#30 /opt/lampp/htdocs/sweetman/vendor/laravel/framework/src/Illuminate/View/View.php(159): Illuminate\\View\\View->renderContents()
#31 /opt/lampp/htdocs/sweetman/storage/framework/views/7ec9b9d71a2ebc3cf27b3193580d66f5.php(6): Illuminate\\View\\View->render()
#32 /opt/lampp/htdocs/sweetman/vendor/laravel/framework/src/Illuminate/Filesystem/Filesystem.php(123): require('...')
#33 /opt/lampp/htdocs/sweetman/vendor/laravel/framework/src/Illuminate/Filesystem/Filesystem.php(124): Illuminate\\Filesystem\\Filesystem::Illuminate\\Filesystem\\{closure}()
#34 /opt/lampp/htdocs/sweetman/vendor/laravel/framework/src/Illuminate/View/Engines/PhpEngine.php(58): Illuminate\\Filesystem\\Filesystem->getRequire()
#35 /opt/lampp/htdocs/sweetman/vendor/livewire/livewire/src/ComponentConcerns/RendersLivewireComponents.php(69): Illuminate\\View\\Engines\\PhpEngine->evaluatePath()
#36 /opt/lampp/htdocs/sweetman/vendor/laravel/framework/src/Illuminate/View/Engines/CompilerEngine.php(72): Livewire\\LivewireViewCompilerEngine->evaluatePath()
#37 /opt/lampp/htdocs/sweetman/vendor/livewire/livewire/src/ComponentConcerns/RendersLivewireComponents.php(35): Illuminate\\View\\Engines\\CompilerEngine->get()
#38 /opt/lampp/htdocs/sweetman/vendor/laravel/framework/src/Illuminate/View/View.php(207): Livewire\\LivewireViewCompilerEngine->get()
#39 /opt/lampp/htdocs/sweetman/vendor/laravel/framework/src/Illuminate/View/View.php(190): Illuminate\\View\\View->getContents()
#40 /opt/lampp/htdocs/sweetman/vendor/laravel/framework/src/Illuminate/View/View.php(159): Illuminate\\View\\View->renderContents()
#41 /opt/lampp/htdocs/sweetman/vendor/laravel/framework/src/Illuminate/Http/Response.php(69): Illuminate\\View\\View->render()
#42 /opt/lampp/htdocs/sweetman/vendor/laravel/framework/src/Illuminate/Http/Response.php(35): Illuminate\\Http\\Response->setContent()
#43 /opt/lampp/htdocs/sweetman/vendor/laravel/framework/src/Illuminate/Routing/Router.php(918): Illuminate\\Http\\Response->__construct()
#44 /opt/lampp/htdocs/sweetman/vendor/laravel/framework/src/Illuminate/Routing/Router.php(885): Illuminate\\Routing\\Router::toResponse()
#45 /opt/lampp/htdocs/sweetman/vendor/laravel/framework/src/Illuminate/Routing/Router.php(805): Illuminate\\Routing\\Router->prepareResponse()
#46 /opt/lampp/htdocs/sweetman/vendor/laravel/framework/src/Illuminate/Pipeline/Pipeline.php(144): Illuminate\\Routing\\Router->Illuminate\\Routing\\{closure}()
#47 /opt/lampp/htdocs/sweetman/vendor/ralphjsmit/livewire-urls/src/Middleware/LivewireUrlsMiddleware.php(32): Illuminate\\Pipeline\\Pipeline->Illuminate\\Pipeline\\{closure}()
#48 /opt/lampp/htdocs/sweetman/vendor/laravel/framework/src/Illuminate/Pipeline/Pipeline.php(183): RalphJSmit\\Livewire\\Urls\\Middleware\\LivewireUrlsMiddleware->handle()
#49 /opt/lampp/htdocs/sweetman/app/Http/Middleware/XFrameHeaders.php(31): Illuminate\\Pipeline\\Pipeline->Illuminate\\Pipeline\\{closure}()
#50 /opt/lampp/htdocs/sweetman/vendor/laravel/framework/src/Illuminate/Pipeline/Pipeline.php(183): App\\Http\\Middleware\\XFrameHeaders->handle()
#51 /opt/lampp/htdocs/sweetman/app/Http/Middleware/UpgradeLevel.php(95): Illuminate\\Pipeline\\Pipeline->Illuminate\\Pipeline\\{closure}()
#52 /opt/lampp/htdocs/sweetman/vendor/laravel/framework/src/Illuminate/Pipeline/Pipeline.php(183): App\\Http\\Middleware\\UpgradeLevel->handle()
#53 /opt/lampp/htdocs/sweetman/app/Http/Middleware/UserLastActivity.php(25): Illuminate\\Pipeline\\Pipeline->Illuminate\\Pipeline\\{closure}()
#54 /opt/lampp/htdocs/sweetman/vendor/laravel/framework/src/Illuminate/Pipeline/Pipeline.php(183): App\\Http\\Middleware\\UserLastActivity->handle()
#55 /opt/lampp/htdocs/sweetman/app/Http/Middleware/SetLocale.php(65): Illuminate\\Pipeline\\Pipeline->Illuminate\\Pipeline\\{closure}()
#56 /opt/lampp/htdocs/sweetman/vendor/laravel/framework/src/Illuminate/Pipeline/Pipeline.php(183): App\\Http\\Middleware\\SetLocale->handle()
#57 /opt/lampp/htdocs/sweetman/vendor/laravel/framework/src/Illuminate/Routing/Middleware/SubstituteBindings.php(50): Illuminate\\Pipeline\\Pipeline->Illuminate\\Pipeline\\{closure}()
#58 /opt/lampp/htdocs/sweetman/vendor/laravel/framework/src/Illuminate/Pipeline/Pipeline.php(183): Illuminate\\Routing\\Middleware\\SubstituteBindings->handle()
#59 /opt/lampp/htdocs/sweetman/vendor/laravel/framework/src/Illuminate/Session/Middleware/AuthenticateSession.php(41): Illuminate\\Pipeline\\Pipeline->Illuminate\\Pipeline\\{closure}()
#60 /opt/lampp/htdocs/sweetman/vendor/laravel/framework/src/Illuminate/Pipeline/Pipeline.php(183): Illuminate\\Session\\Middleware\\AuthenticateSession->handle()
#61 /opt/lampp/htdocs/sweetman/vendor/laravel/framework/src/Illuminate/Foundation/Http/Middleware/VerifyCsrfToken.php(78): Illuminate\\Pipeline\\Pipeline->Illuminate\\Pipeline\\{closure}()
#62 /opt/lampp/htdocs/sweetman/app/Http/Middleware/VerifyCsrfToken.php(34): Illuminate\\Foundation\\Http\\Middleware\\VerifyCsrfToken->handle()
#63 /opt/lampp/htdocs/sweetman/vendor/laravel/framework/src/Illuminate/Pipeline/Pipeline.php(183): App\\Http\\Middleware\\VerifyCsrfToken->handle()
#64 /opt/lampp/htdocs/sweetman/vendor/laravel/framework/src/Illuminate/View/Middleware/ShareErrorsFromSession.php(49): Illuminate\\Pipeline\\Pipeline->Illuminate\\Pipeline\\{closure}()
#65 /opt/lampp/htdocs/sweetman/vendor/laravel/framework/src/Illuminate/Pipeline/Pipeline.php(183): Illuminate\\View\\Middleware\\ShareErrorsFromSession->handle()
#66 /opt/lampp/htdocs/sweetman/vendor/laravel/framework/src/Illuminate/Session/Middleware/StartSession.php(121): Illuminate\\Pipeline\\Pipeline->Illuminate\\Pipeline\\{closure}()
#67 /opt/lampp/htdocs/sweetman/vendor/laravel/framework/src/Illuminate/Session/Middleware/StartSession.php(64): Illuminate\\Session\\Middleware\\StartSession->handleStatefulRequest()
#68 /opt/lampp/htdocs/sweetman/vendor/laravel/framework/src/Illuminate/Pipeline/Pipeline.php(183): Illuminate\\Session\\Middleware\\StartSession->handle()
#69 /opt/lampp/htdocs/sweetman/vendor/laravel/framework/src/Illuminate/Cookie/Middleware/AddQueuedCookiesToResponse.php(37): Illuminate\\Pipeline\\Pipeline->Illuminate\\Pipeline\\{closure}()
#70 /opt/lampp/htdocs/sweetman/vendor/laravel/framework/src/Illuminate/Pipeline/Pipeline.php(183): Illuminate\\Cookie\\Middleware\\AddQueuedCookiesToResponse->handle()
#71 /opt/lampp/htdocs/sweetman/vendor/laravel/framework/src/Illuminate/Cookie/Middleware/EncryptCookies.php(67): Illuminate\\Pipeline\\Pipeline->Illuminate\\Pipeline\\{closure}()
#72 /opt/lampp/htdocs/sweetman/vendor/laravel/framework/src/Illuminate/Pipeline/Pipeline.php(183): Illuminate\\Cookie\\Middleware\\EncryptCookies->handle()
#73 /opt/lampp/htdocs/sweetman/vendor/laravel/framework/src/Illuminate/Pipeline/Pipeline.php(119): Illuminate\\Pipeline\\Pipeline->Illuminate\\Pipeline\\{closure}()
#74 /opt/lampp/htdocs/sweetman/vendor/laravel/framework/src/Illuminate/Routing/Router.php(805): Illuminate\\Pipeline\\Pipeline->then()
#75 /opt/lampp/htdocs/sweetman/vendor/laravel/framework/src/Illuminate/Routing/Router.php(784): Illuminate\\Routing\\Router->runRouteWithinStack()
#76 /opt/lampp/htdocs/sweetman/vendor/laravel/framework/src/Illuminate/Routing/Router.php(748): Illuminate\\Routing\\Router->runRoute()
#77 /opt/lampp/htdocs/sweetman/vendor/laravel/framework/src/Illuminate/Routing/Router.php(737): Illuminate\\Routing\\Router->dispatchToRoute()
#78 /opt/lampp/htdocs/sweetman/vendor/laravel/framework/src/Illuminate/Foundation/Http/Kernel.php(200): Illuminate\\Routing\\Router->dispatch()
#79 /opt/lampp/htdocs/sweetman/vendor/laravel/framework/src/Illuminate/Pipeline/Pipeline.php(144): Illuminate\\Foundation\\Http\\Kernel->Illuminate\\Foundation\\Http\\{closure}()
#80 /opt/lampp/htdocs/sweetman/vendor/lukeraymonddowning/honey/src/Http/Middleware/BlockSpammers.php(19): Illuminate\\Pipeline\\Pipeline->Illuminate\\Pipeline\\{closure}()
#81 /opt/lampp/htdocs/sweetman/vendor/laravel/framework/src/Illuminate/Pipeline/Pipeline.php(183): Lukeraymonddowning\\Honey\\Http\\Middleware\\BlockSpammers->handle()
#82 /opt/lampp/htdocs/sweetman/vendor/livewire/livewire/src/DisableBrowserCache.php(19): Illuminate\\Pipeline\\Pipeline->Illuminate\\Pipeline\\{closure}()
#83 /opt/lampp/htdocs/sweetman/vendor/laravel/framework/src/Illuminate/Pipeline/Pipeline.php(183): Livewire\\DisableBrowserCache->handle()
#84 /opt/lampp/htdocs/sweetman/vendor/barryvdh/laravel-debugbar/src/Middleware/InjectDebugbar.php(59): Illuminate\\Pipeline\\Pipeline->Illuminate\\Pipeline\\{closure}()
#85 /opt/lampp/htdocs/sweetman/vendor/laravel/framework/src/Illuminate/Pipeline/Pipeline.php(183): Barryvdh\\Debugbar\\Middleware\\InjectDebugbar->handle()
#86 /opt/lampp/htdocs/sweetman/vendor/laravel/framework/src/Illuminate/Foundation/Http/Middleware/TransformsRequest.php(21): Illuminate\\Pipeline\\Pipeline->Illuminate\\Pipeline\\{closure}()
#87 /opt/lampp/htdocs/sweetman/vendor/laravel/framework/src/Illuminate/Foundation/Http/Middleware/ConvertEmptyStringsToNull.php(31): Illuminate\\Foundation\\Http\\Middleware\\TransformsRequest->handle()
#88 /opt/lampp/htdocs/sweetman/vendor/laravel/framework/src/Illuminate/Pipeline/Pipeline.php(183): Illuminate\\Foundation\\Http\\Middleware\\ConvertEmptyStringsToNull->handle()
#89 /opt/lampp/htdocs/sweetman/vendor/laravel/framework/src/Illuminate/Foundation/Http/Middleware/TransformsRequest.php(21): Illuminate\\Pipeline\\Pipeline->Illuminate\\Pipeline\\{closure}()
#90 /opt/lampp/htdocs/sweetman/vendor/laravel/framework/src/Illuminate/Foundation/Http/Middleware/TrimStrings.php(40): Illuminate\\Foundation\\Http\\Middleware\\TransformsRequest->handle()
#91 /opt/lampp/htdocs/sweetman/vendor/laravel/framework/src/Illuminate/Pipeline/Pipeline.php(183): Illuminate\\Foundation\\Http\\Middleware\\TrimStrings->handle()
#92 /opt/lampp/htdocs/sweetman/vendor/laravel/framework/src/Illuminate/Foundation/Http/Middleware/ValidatePostSize.php(27): Illuminate\\Pipeline\\Pipeline->Illuminate\\Pipeline\\{closure}()
#93 /opt/lampp/htdocs/sweetman/vendor/laravel/framework/src/Illuminate/Pipeline/Pipeline.php(183): Illuminate\\Foundation\\Http\\Middleware\\ValidatePostSize->handle()
#94 /opt/lampp/htdocs/sweetman/vendor/laravel/framework/src/Illuminate/Foundation/Http/Middleware/PreventRequestsDuringMaintenance.php(99): Illuminate\\Pipeline\\Pipeline->Illuminate\\Pipeline\\{closure}()
#95 /opt/lampp/htdocs/sweetman/vendor/laravel/framework/src/Illuminate/Pipeline/Pipeline.php(183): Illuminate\\Foundation\\Http\\Middleware\\PreventRequestsDuringMaintenance->handle()
#96 /opt/lampp/htdocs/sweetman/vendor/laravel/framework/src/Illuminate/Http/Middleware/HandleCors.php(49): Illuminate\\Pipeline\\Pipeline->Illuminate\\Pipeline\\{closure}()
#97 /opt/lampp/htdocs/sweetman/vendor/laravel/framework/src/Illuminate/Pipeline/Pipeline.php(183): Illuminate\\Http\\Middleware\\HandleCors->handle()
#98 /opt/lampp/htdocs/sweetman/vendor/laravel/framework/src/Illuminate/Http/Middleware/TrustProxies.php(39): Illuminate\\Pipeline\\Pipeline->Illuminate\\Pipeline\\{closure}()
#99 /opt/lampp/htdocs/sweetman/vendor/laravel/framework/src/Illuminate/Pipeline/Pipeline.php(183): Illuminate\\Http\\Middleware\\TrustProxies->handle()
#100 /opt/lampp/htdocs/sweetman/vendor/laravel/framework/src/Illuminate/Pipeline/Pipeline.php(119): Illuminate\\Pipeline\\Pipeline->Illuminate\\Pipeline\\{closure}()
#101 /opt/lampp/htdocs/sweetman/vendor/laravel/framework/src/Illuminate/Foundation/Http/Kernel.php(175): Illuminate\\Pipeline\\Pipeline->then()
#102 /opt/lampp/htdocs/sweetman/vendor/laravel/framework/src/Illuminate/Foundation/Http/Kernel.php(144): Illuminate\\Foundation\\Http\\Kernel->sendRequestThroughRouter()
#103 /opt/lampp/htdocs/sweetman/public/index.php(54): Illuminate\\Foundation\\Http\\Kernel->handle()
#104 /opt/lampp/htdocs/sweetman/vendor/laravel/framework/src/Illuminate/Foundation/resources/server.php(16): require_once('...')
#105 {main}
"} 
[2024-08-09 09:11:33] production.ERROR: There are no commands defined in the "ide-helper" namespace. {"exception":"[object] (Symfony\\Component\\Console\\Exception\\NamespaceNotFoundException(code: 0): There are no commands defined in the \"ide-helper\" namespace. at /opt/lampp/htdocs/sweetman/vendor/symfony/console/Application.php:669)
[stacktrace]
#0 /opt/lampp/htdocs/sweetman/vendor/symfony/console/Application.php(720): Symfony\\Component\\Console\\Application->findNamespace()
#1 /opt/lampp/htdocs/sweetman/vendor/symfony/console/Application.php(266): Symfony\\Component\\Console\\Application->find()
#2 /opt/lampp/htdocs/sweetman/vendor/symfony/console/Application.php(175): Symfony\\Component\\Console\\Application->doRun()
#3 /opt/lampp/htdocs/sweetman/vendor/laravel/framework/src/Illuminate/Foundation/Console/Kernel.php(201): Symfony\\Component\\Console\\Application->run()
#4 /opt/lampp/htdocs/sweetman/artisan(35): Illuminate\\Foundation\\Console\\Kernel->handle()
#5 {main}
"} 
[2024-08-09 09:12:00] production.ERROR: There are no commands defined in the "ide-helper" namespace. {"exception":"[object] (Symfony\\Component\\Console\\Exception\\NamespaceNotFoundException(code: 0): There are no commands defined in the \"ide-helper\" namespace. at /opt/lampp/htdocs/sweetman/vendor/symfony/console/Application.php:669)
[stacktrace]
#0 /opt/lampp/htdocs/sweetman/vendor/symfony/console/Application.php(720): Symfony\\Component\\Console\\Application->findNamespace()
#1 /opt/lampp/htdocs/sweetman/vendor/symfony/console/Application.php(266): Symfony\\Component\\Console\\Application->find()
#2 /opt/lampp/htdocs/sweetman/vendor/symfony/console/Application.php(175): Symfony\\Component\\Console\\Application->doRun()
#3 /opt/lampp/htdocs/sweetman/vendor/laravel/framework/src/Illuminate/Foundation/Console/Kernel.php(201): Symfony\\Component\\Console\\Application->run()
#4 /opt/lampp/htdocs/sweetman/artisan(35): Illuminate\\Foundation\\Console\\Kernel->handle()
#5 {main}
"} 
[2024-08-09 09:12:02] production.ERROR: There are no commands defined in the "ide-helper" namespace. {"exception":"[object] (Symfony\\Component\\Console\\Exception\\NamespaceNotFoundException(code: 0): There are no commands defined in the \"ide-helper\" namespace. at /opt/lampp/htdocs/sweetman/vendor/symfony/console/Application.php:669)
[stacktrace]
#0 /opt/lampp/htdocs/sweetman/vendor/symfony/console/Application.php(720): Symfony\\Component\\Console\\Application->findNamespace()
#1 /opt/lampp/htdocs/sweetman/vendor/symfony/console/Application.php(266): Symfony\\Component\\Console\\Application->find()
#2 /opt/lampp/htdocs/sweetman/vendor/symfony/console/Application.php(175): Symfony\\Component\\Console\\Application->doRun()
#3 /opt/lampp/htdocs/sweetman/vendor/laravel/framework/src/Illuminate/Foundation/Console/Kernel.php(201): Symfony\\Component\\Console\\Application->run()
#4 /opt/lampp/htdocs/sweetman/artisan(35): Illuminate\\Foundation\\Console\\Kernel->handle()
#5 {main}
"} 
[2024-08-09 09:12:41] production.ERROR: There are no commands defined in the "ide-helper" namespace. {"exception":"[object] (Symfony\\Component\\Console\\Exception\\NamespaceNotFoundException(code: 0): There are no commands defined in the \"ide-helper\" namespace. at /opt/lampp/htdocs/sweetman/vendor/symfony/console/Application.php:669)
[stacktrace]
#0 /opt/lampp/htdocs/sweetman/vendor/symfony/console/Application.php(720): Symfony\\Component\\Console\\Application->findNamespace()
#1 /opt/lampp/htdocs/sweetman/vendor/symfony/console/Application.php(266): Symfony\\Component\\Console\\Application->find()
#2 /opt/lampp/htdocs/sweetman/vendor/symfony/console/Application.php(175): Symfony\\Component\\Console\\Application->doRun()
#3 /opt/lampp/htdocs/sweetman/vendor/laravel/framework/src/Illuminate/Foundation/Console/Kernel.php(201): Symfony\\Component\\Console\\Application->run()
#4 /opt/lampp/htdocs/sweetman/artisan(35): Illuminate\\Foundation\\Console\\Kernel->handle()
#5 {main}
"} 
[2024-08-09 09:12:45] production.ERROR: There are no commands defined in the "ide-helper" namespace. {"exception":"[object] (Symfony\\Component\\Console\\Exception\\NamespaceNotFoundException(code: 0): There are no commands defined in the \"ide-helper\" namespace. at /opt/lampp/htdocs/sweetman/vendor/symfony/console/Application.php:669)
[stacktrace]
#0 /opt/lampp/htdocs/sweetman/vendor/symfony/console/Application.php(720): Symfony\\Component\\Console\\Application->findNamespace()
#1 /opt/lampp/htdocs/sweetman/vendor/symfony/console/Application.php(266): Symfony\\Component\\Console\\Application->find()
#2 /opt/lampp/htdocs/sweetman/vendor/symfony/console/Application.php(175): Symfony\\Component\\Console\\Application->doRun()
#3 /opt/lampp/htdocs/sweetman/vendor/laravel/framework/src/Illuminate/Foundation/Console/Kernel.php(201): Symfony\\Component\\Console\\Application->run()
#4 /opt/lampp/htdocs/sweetman/artisan(35): Illuminate\\Foundation\\Console\\Kernel->handle()
#5 {main}
"} 
[2024-08-09 09:12:46] production.ERROR: There are no commands defined in the "ide-helper" namespace. {"exception":"[object] (Symfony\\Component\\Console\\Exception\\NamespaceNotFoundException(code: 0): There are no commands defined in the \"ide-helper\" namespace. at /opt/lampp/htdocs/sweetman/vendor/symfony/console/Application.php:669)
[stacktrace]
#0 /opt/lampp/htdocs/sweetman/vendor/symfony/console/Application.php(720): Symfony\\Component\\Console\\Application->findNamespace()
#1 /opt/lampp/htdocs/sweetman/vendor/symfony/console/Application.php(266): Symfony\\Component\\Console\\Application->find()
#2 /opt/lampp/htdocs/sweetman/vendor/symfony/console/Application.php(175): Symfony\\Component\\Console\\Application->doRun()
#3 /opt/lampp/htdocs/sweetman/vendor/laravel/framework/src/Illuminate/Foundation/Console/Kernel.php(201): Symfony\\Component\\Console\\Application->run()
#4 /opt/lampp/htdocs/sweetman/artisan(35): Illuminate\\Foundation\\Console\\Kernel->handle()
#5 {main}
"} 
[2024-08-09 09:12:52] production.ERROR: There are no commands defined in the "ide-helper" namespace. {"exception":"[object] (Symfony\\Component\\Console\\Exception\\NamespaceNotFoundException(code: 0): There are no commands defined in the \"ide-helper\" namespace. at /opt/lampp/htdocs/sweetman/vendor/symfony/console/Application.php:669)
[stacktrace]
#0 /opt/lampp/htdocs/sweetman/vendor/symfony/console/Application.php(720): Symfony\\Component\\Console\\Application->findNamespace()
#1 /opt/lampp/htdocs/sweetman/vendor/symfony/console/Application.php(266): Symfony\\Component\\Console\\Application->find()
#2 /opt/lampp/htdocs/sweetman/vendor/symfony/console/Application.php(175): Symfony\\Component\\Console\\Application->doRun()
#3 /opt/lampp/htdocs/sweetman/vendor/laravel/framework/src/Illuminate/Foundation/Console/Kernel.php(201): Symfony\\Component\\Console\\Application->run()
#4 /opt/lampp/htdocs/sweetman/artisan(35): Illuminate\\Foundation\\Console\\Kernel->handle()
#5 {main}
"} 
[2024-08-09 09:13:05] production.ERROR: There are no commands defined in the "ide-helper" namespace. {"exception":"[object] (Symfony\\Component\\Console\\Exception\\NamespaceNotFoundException(code: 0): There are no commands defined in the \"ide-helper\" namespace. at /opt/lampp/htdocs/sweetman/vendor/symfony/console/Application.php:669)
[stacktrace]
#0 /opt/lampp/htdocs/sweetman/vendor/symfony/console/Application.php(720): Symfony\\Component\\Console\\Application->findNamespace()
#1 /opt/lampp/htdocs/sweetman/vendor/symfony/console/Application.php(266): Symfony\\Component\\Console\\Application->find()
#2 /opt/lampp/htdocs/sweetman/vendor/symfony/console/Application.php(175): Symfony\\Component\\Console\\Application->doRun()
#3 /opt/lampp/htdocs/sweetman/vendor/laravel/framework/src/Illuminate/Foundation/Console/Kernel.php(201): Symfony\\Component\\Console\\Application->run()
#4 /opt/lampp/htdocs/sweetman/artisan(35): Illuminate\\Foundation\\Console\\Kernel->handle()
#5 {main}
"} 
[2024-08-09 09:13:08] production.ERROR: There are no commands defined in the "ide-helper" namespace. {"exception":"[object] (Symfony\\Component\\Console\\Exception\\NamespaceNotFoundException(code: 0): There are no commands defined in the \"ide-helper\" namespace. at /opt/lampp/htdocs/sweetman/vendor/symfony/console/Application.php:669)
[stacktrace]
#0 /opt/lampp/htdocs/sweetman/vendor/symfony/console/Application.php(720): Symfony\\Component\\Console\\Application->findNamespace()
#1 /opt/lampp/htdocs/sweetman/vendor/symfony/console/Application.php(266): Symfony\\Component\\Console\\Application->find()
#2 /opt/lampp/htdocs/sweetman/vendor/symfony/console/Application.php(175): Symfony\\Component\\Console\\Application->doRun()
#3 /opt/lampp/htdocs/sweetman/vendor/laravel/framework/src/Illuminate/Foundation/Console/Kernel.php(201): Symfony\\Component\\Console\\Application->run()
#4 /opt/lampp/htdocs/sweetman/artisan(35): Illuminate\\Foundation\\Console\\Kernel->handle()
#5 {main}
"} 
[2024-08-09 09:13:48] production.ERROR: There are no commands defined in the "ide-helper" namespace. {"exception":"[object] (Symfony\\Component\\Console\\Exception\\NamespaceNotFoundException(code: 0): There are no commands defined in the \"ide-helper\" namespace. at /opt/lampp/htdocs/sweetman/vendor/symfony/console/Application.php:669)
[stacktrace]
#0 /opt/lampp/htdocs/sweetman/vendor/symfony/console/Application.php(720): Symfony\\Component\\Console\\Application->findNamespace()
#1 /opt/lampp/htdocs/sweetman/vendor/symfony/console/Application.php(266): Symfony\\Component\\Console\\Application->find()
#2 /opt/lampp/htdocs/sweetman/vendor/symfony/console/Application.php(175): Symfony\\Component\\Console\\Application->doRun()
#3 /opt/lampp/htdocs/sweetman/vendor/laravel/framework/src/Illuminate/Foundation/Console/Kernel.php(201): Symfony\\Component\\Console\\Application->run()
#4 /opt/lampp/htdocs/sweetman/artisan(35): Illuminate\\Foundation\\Console\\Kernel->handle()
#5 {main}
"} 
[2024-08-09 09:13:51] production.ERROR: There are no commands defined in the "ide-helper" namespace. {"exception":"[object] (Symfony\\Component\\Console\\Exception\\NamespaceNotFoundException(code: 0): There are no commands defined in the \"ide-helper\" namespace. at /opt/lampp/htdocs/sweetman/vendor/symfony/console/Application.php:669)
[stacktrace]
#0 /opt/lampp/htdocs/sweetman/vendor/symfony/console/Application.php(720): Symfony\\Component\\Console\\Application->findNamespace()
#1 /opt/lampp/htdocs/sweetman/vendor/symfony/console/Application.php(266): Symfony\\Component\\Console\\Application->find()
#2 /opt/lampp/htdocs/sweetman/vendor/symfony/console/Application.php(175): Symfony\\Component\\Console\\Application->doRun()
#3 /opt/lampp/htdocs/sweetman/vendor/laravel/framework/src/Illuminate/Foundation/Console/Kernel.php(201): Symfony\\Component\\Console\\Application->run()
#4 /opt/lampp/htdocs/sweetman/artisan(35): Illuminate\\Foundation\\Console\\Kernel->handle()
#5 {main}
"} 
[2024-08-09 09:14:15] production.ERROR: There are no commands defined in the "ide-helper" namespace. {"exception":"[object] (Symfony\\Component\\Console\\Exception\\NamespaceNotFoundException(code: 0): There are no commands defined in the \"ide-helper\" namespace. at /opt/lampp/htdocs/sweetman/vendor/symfony/console/Application.php:669)
[stacktrace]
#0 /opt/lampp/htdocs/sweetman/vendor/symfony/console/Application.php(720): Symfony\\Component\\Console\\Application->findNamespace()
#1 /opt/lampp/htdocs/sweetman/vendor/symfony/console/Application.php(266): Symfony\\Component\\Console\\Application->find()
#2 /opt/lampp/htdocs/sweetman/vendor/symfony/console/Application.php(175): Symfony\\Component\\Console\\Application->doRun()
#3 /opt/lampp/htdocs/sweetman/vendor/laravel/framework/src/Illuminate/Foundation/Console/Kernel.php(201): Symfony\\Component\\Console\\Application->run()
#4 /opt/lampp/htdocs/sweetman/artisan(35): Illuminate\\Foundation\\Console\\Kernel->handle()
#5 {main}
"} 
[2024-08-09 09:14:18] production.ERROR: There are no commands defined in the "ide-helper" namespace. {"exception":"[object] (Symfony\\Component\\Console\\Exception\\NamespaceNotFoundException(code: 0): There are no commands defined in the \"ide-helper\" namespace. at /opt/lampp/htdocs/sweetman/vendor/symfony/console/Application.php:669)
[stacktrace]
#0 /opt/lampp/htdocs/sweetman/vendor/symfony/console/Application.php(720): Symfony\\Component\\Console\\Application->findNamespace()
#1 /opt/lampp/htdocs/sweetman/vendor/symfony/console/Application.php(266): Symfony\\Component\\Console\\Application->find()
#2 /opt/lampp/htdocs/sweetman/vendor/symfony/console/Application.php(175): Symfony\\Component\\Console\\Application->doRun()
#3 /opt/lampp/htdocs/sweetman/vendor/laravel/framework/src/Illuminate/Foundation/Console/Kernel.php(201): Symfony\\Component\\Console\\Application->run()
#4 /opt/lampp/htdocs/sweetman/artisan(35): Illuminate\\Foundation\\Console\\Kernel->handle()
#5 {main}
"} 
[2024-08-09 09:14:20] production.ERROR: There are no commands defined in the "ide-helper" namespace. {"exception":"[object] (Symfony\\Component\\Console\\Exception\\NamespaceNotFoundException(code: 0): There are no commands defined in the \"ide-helper\" namespace. at /opt/lampp/htdocs/sweetman/vendor/symfony/console/Application.php:669)
[stacktrace]
#0 /opt/lampp/htdocs/sweetman/vendor/symfony/console/Application.php(720): Symfony\\Component\\Console\\Application->findNamespace()
#1 /opt/lampp/htdocs/sweetman/vendor/symfony/console/Application.php(266): Symfony\\Component\\Console\\Application->find()
#2 /opt/lampp/htdocs/sweetman/vendor/symfony/console/Application.php(175): Symfony\\Component\\Console\\Application->doRun()
#3 /opt/lampp/htdocs/sweetman/vendor/laravel/framework/src/Illuminate/Foundation/Console/Kernel.php(201): Symfony\\Component\\Console\\Application->run()
#4 /opt/lampp/htdocs/sweetman/artisan(35): Illuminate\\Foundation\\Console\\Kernel->handle()
#5 {main}
"} 
[2024-08-09 09:14:24] production.ERROR: There are no commands defined in the "ide-helper" namespace. {"exception":"[object] (Symfony\\Component\\Console\\Exception\\NamespaceNotFoundException(code: 0): There are no commands defined in the \"ide-helper\" namespace. at /opt/lampp/htdocs/sweetman/vendor/symfony/console/Application.php:669)
[stacktrace]
#0 /opt/lampp/htdocs/sweetman/vendor/symfony/console/Application.php(720): Symfony\\Component\\Console\\Application->findNamespace()
#1 /opt/lampp/htdocs/sweetman/vendor/symfony/console/Application.php(266): Symfony\\Component\\Console\\Application->find()
#2 /opt/lampp/htdocs/sweetman/vendor/symfony/console/Application.php(175): Symfony\\Component\\Console\\Application->doRun()
#3 /opt/lampp/htdocs/sweetman/vendor/laravel/framework/src/Illuminate/Foundation/Console/Kernel.php(201): Symfony\\Component\\Console\\Application->run()
#4 /opt/lampp/htdocs/sweetman/artisan(35): Illuminate\\Foundation\\Console\\Kernel->handle()
#5 {main}
"} 
[2024-08-09 09:14:25] production.ERROR: There are no commands defined in the "ide-helper" namespace. {"exception":"[object] (Symfony\\Component\\Console\\Exception\\NamespaceNotFoundException(code: 0): There are no commands defined in the \"ide-helper\" namespace. at /opt/lampp/htdocs/sweetman/vendor/symfony/console/Application.php:669)
[stacktrace]
#0 /opt/lampp/htdocs/sweetman/vendor/symfony/console/Application.php(720): Symfony\\Component\\Console\\Application->findNamespace()
#1 /opt/lampp/htdocs/sweetman/vendor/symfony/console/Application.php(266): Symfony\\Component\\Console\\Application->find()
#2 /opt/lampp/htdocs/sweetman/vendor/symfony/console/Application.php(175): Symfony\\Component\\Console\\Application->doRun()
#3 /opt/lampp/htdocs/sweetman/vendor/laravel/framework/src/Illuminate/Foundation/Console/Kernel.php(201): Symfony\\Component\\Console\\Application->run()
#4 /opt/lampp/htdocs/sweetman/artisan(35): Illuminate\\Foundation\\Console\\Kernel->handle()
#5 {main}
"} 
[2024-08-09 09:14:50] production.ERROR: There are no commands defined in the "ide-helper" namespace. {"exception":"[object] (Symfony\\Component\\Console\\Exception\\NamespaceNotFoundException(code: 0): There are no commands defined in the \"ide-helper\" namespace. at /opt/lampp/htdocs/sweetman/vendor/symfony/console/Application.php:669)
[stacktrace]
#0 /opt/lampp/htdocs/sweetman/vendor/symfony/console/Application.php(720): Symfony\\Component\\Console\\Application->findNamespace()
#1 /opt/lampp/htdocs/sweetman/vendor/symfony/console/Application.php(266): Symfony\\Component\\Console\\Application->find()
#2 /opt/lampp/htdocs/sweetman/vendor/symfony/console/Application.php(175): Symfony\\Component\\Console\\Application->doRun()
#3 /opt/lampp/htdocs/sweetman/vendor/laravel/framework/src/Illuminate/Foundation/Console/Kernel.php(201): Symfony\\Component\\Console\\Application->run()
#4 /opt/lampp/htdocs/sweetman/artisan(35): Illuminate\\Foundation\\Console\\Kernel->handle()
#5 {main}
"} 
[2024-08-09 09:15:00] production.ERROR: There are no commands defined in the "ide-helper" namespace. {"exception":"[object] (Symfony\\Component\\Console\\Exception\\NamespaceNotFoundException(code: 0): There are no commands defined in the \"ide-helper\" namespace. at /opt/lampp/htdocs/sweetman/vendor/symfony/console/Application.php:669)
[stacktrace]
#0 /opt/lampp/htdocs/sweetman/vendor/symfony/console/Application.php(720): Symfony\\Component\\Console\\Application->findNamespace()
#1 /opt/lampp/htdocs/sweetman/vendor/symfony/console/Application.php(266): Symfony\\Component\\Console\\Application->find()
#2 /opt/lampp/htdocs/sweetman/vendor/symfony/console/Application.php(175): Symfony\\Component\\Console\\Application->doRun()
#3 /opt/lampp/htdocs/sweetman/vendor/laravel/framework/src/Illuminate/Foundation/Console/Kernel.php(201): Symfony\\Component\\Console\\Application->run()
#4 /opt/lampp/htdocs/sweetman/artisan(35): Illuminate\\Foundation\\Console\\Kernel->handle()
#5 {main}
"} 
[2024-08-09 09:15:05] production.ERROR: There are no commands defined in the "ide-helper" namespace. {"exception":"[object] (Symfony\\Component\\Console\\Exception\\NamespaceNotFoundException(code: 0): There are no commands defined in the \"ide-helper\" namespace. at /opt/lampp/htdocs/sweetman/vendor/symfony/console/Application.php:669)
[stacktrace]
#0 /opt/lampp/htdocs/sweetman/vendor/symfony/console/Application.php(720): Symfony\\Component\\Console\\Application->findNamespace()
#1 /opt/lampp/htdocs/sweetman/vendor/symfony/console/Application.php(266): Symfony\\Component\\Console\\Application->find()
#2 /opt/lampp/htdocs/sweetman/vendor/symfony/console/Application.php(175): Symfony\\Component\\Console\\Application->doRun()
#3 /opt/lampp/htdocs/sweetman/vendor/laravel/framework/src/Illuminate/Foundation/Console/Kernel.php(201): Symfony\\Component\\Console\\Application->run()
#4 /opt/lampp/htdocs/sweetman/artisan(35): Illuminate\\Foundation\\Console\\Kernel->handle()
#5 {main}
"} 
[2024-08-09 09:15:08] production.ERROR: There are no commands defined in the "ide-helper" namespace. {"exception":"[object] (Symfony\\Component\\Console\\Exception\\NamespaceNotFoundException(code: 0): There are no commands defined in the \"ide-helper\" namespace. at /opt/lampp/htdocs/sweetman/vendor/symfony/console/Application.php:669)
[stacktrace]
#0 /opt/lampp/htdocs/sweetman/vendor/symfony/console/Application.php(720): Symfony\\Component\\Console\\Application->findNamespace()
#1 /opt/lampp/htdocs/sweetman/vendor/symfony/console/Application.php(266): Symfony\\Component\\Console\\Application->find()
#2 /opt/lampp/htdocs/sweetman/vendor/symfony/console/Application.php(175): Symfony\\Component\\Console\\Application->doRun()
#3 /opt/lampp/htdocs/sweetman/vendor/laravel/framework/src/Illuminate/Foundation/Console/Kernel.php(201): Symfony\\Component\\Console\\Application->run()
#4 /opt/lampp/htdocs/sweetman/artisan(35): Illuminate\\Foundation\\Console\\Kernel->handle()
#5 {main}
"} 
[2024-08-09 09:15:11] production.ERROR: There are no commands defined in the "ide-helper" namespace. {"exception":"[object] (Symfony\\Component\\Console\\Exception\\NamespaceNotFoundException(code: 0): There are no commands defined in the \"ide-helper\" namespace. at /opt/lampp/htdocs/sweetman/vendor/symfony/console/Application.php:669)
[stacktrace]
#0 /opt/lampp/htdocs/sweetman/vendor/symfony/console/Application.php(720): Symfony\\Component\\Console\\Application->findNamespace()
#1 /opt/lampp/htdocs/sweetman/vendor/symfony/console/Application.php(266): Symfony\\Component\\Console\\Application->find()
#2 /opt/lampp/htdocs/sweetman/vendor/symfony/console/Application.php(175): Symfony\\Component\\Console\\Application->doRun()
#3 /opt/lampp/htdocs/sweetman/vendor/laravel/framework/src/Illuminate/Foundation/Console/Kernel.php(201): Symfony\\Component\\Console\\Application->run()
#4 /opt/lampp/htdocs/sweetman/artisan(35): Illuminate\\Foundation\\Console\\Kernel->handle()
#5 {main}
"} 
[2024-08-09 09:15:35] production.ERROR: There are no commands defined in the "ide-helper" namespace. {"exception":"[object] (Symfony\\Component\\Console\\Exception\\NamespaceNotFoundException(code: 0): There are no commands defined in the \"ide-helper\" namespace. at /opt/lampp/htdocs/sweetman/vendor/symfony/console/Application.php:669)
[stacktrace]
#0 /opt/lampp/htdocs/sweetman/vendor/symfony/console/Application.php(720): Symfony\\Component\\Console\\Application->findNamespace()
#1 /opt/lampp/htdocs/sweetman/vendor/symfony/console/Application.php(266): Symfony\\Component\\Console\\Application->find()
#2 /opt/lampp/htdocs/sweetman/vendor/symfony/console/Application.php(175): Symfony\\Component\\Console\\Application->doRun()
#3 /opt/lampp/htdocs/sweetman/vendor/laravel/framework/src/Illuminate/Foundation/Console/Kernel.php(201): Symfony\\Component\\Console\\Application->run()
#4 /opt/lampp/htdocs/sweetman/artisan(35): Illuminate\\Foundation\\Console\\Kernel->handle()
#5 {main}
"} 
[2024-08-09 09:16:01] production.ERROR: There are no commands defined in the "ide-helper" namespace. {"exception":"[object] (Symfony\\Component\\Console\\Exception\\NamespaceNotFoundException(code: 0): There are no commands defined in the \"ide-helper\" namespace. at /opt/lampp/htdocs/sweetman/vendor/symfony/console/Application.php:669)
[stacktrace]
#0 /opt/lampp/htdocs/sweetman/vendor/symfony/console/Application.php(720): Symfony\\Component\\Console\\Application->findNamespace()
#1 /opt/lampp/htdocs/sweetman/vendor/symfony/console/Application.php(266): Symfony\\Component\\Console\\Application->find()
#2 /opt/lampp/htdocs/sweetman/vendor/symfony/console/Application.php(175): Symfony\\Component\\Console\\Application->doRun()
#3 /opt/lampp/htdocs/sweetman/vendor/laravel/framework/src/Illuminate/Foundation/Console/Kernel.php(201): Symfony\\Component\\Console\\Application->run()
#4 /opt/lampp/htdocs/sweetman/artisan(35): Illuminate\\Foundation\\Console\\Kernel->handle()
#5 {main}
"} 
[2024-08-09 09:16:05] production.ERROR: There are no commands defined in the "ide-helper" namespace. {"exception":"[object] (Symfony\\Component\\Console\\Exception\\NamespaceNotFoundException(code: 0): There are no commands defined in the \"ide-helper\" namespace. at /opt/lampp/htdocs/sweetman/vendor/symfony/console/Application.php:669)
[stacktrace]
#0 /opt/lampp/htdocs/sweetman/vendor/symfony/console/Application.php(720): Symfony\\Component\\Console\\Application->findNamespace()
#1 /opt/lampp/htdocs/sweetman/vendor/symfony/console/Application.php(266): Symfony\\Component\\Console\\Application->find()
#2 /opt/lampp/htdocs/sweetman/vendor/symfony/console/Application.php(175): Symfony\\Component\\Console\\Application->doRun()
#3 /opt/lampp/htdocs/sweetman/vendor/laravel/framework/src/Illuminate/Foundation/Console/Kernel.php(201): Symfony\\Component\\Console\\Application->run()
#4 /opt/lampp/htdocs/sweetman/artisan(35): Illuminate\\Foundation\\Console\\Kernel->handle()
#5 {main}
"} 
[2024-08-09 09:16:06] production.ERROR: There are no commands defined in the "ide-helper" namespace. {"exception":"[object] (Symfony\\Component\\Console\\Exception\\NamespaceNotFoundException(code: 0): There are no commands defined in the \"ide-helper\" namespace. at /opt/lampp/htdocs/sweetman/vendor/symfony/console/Application.php:669)
[stacktrace]
#0 /opt/lampp/htdocs/sweetman/vendor/symfony/console/Application.php(720): Symfony\\Component\\Console\\Application->findNamespace()
#1 /opt/lampp/htdocs/sweetman/vendor/symfony/console/Application.php(266): Symfony\\Component\\Console\\Application->find()
#2 /opt/lampp/htdocs/sweetman/vendor/symfony/console/Application.php(175): Symfony\\Component\\Console\\Application->doRun()
#3 /opt/lampp/htdocs/sweetman/vendor/laravel/framework/src/Illuminate/Foundation/Console/Kernel.php(201): Symfony\\Component\\Console\\Application->run()
#4 /opt/lampp/htdocs/sweetman/artisan(35): Illuminate\\Foundation\\Console\\Kernel->handle()
#5 {main}
"} 
[2024-08-09 09:18:06] production.ERROR: There are no commands defined in the "ide-helper" namespace. {"exception":"[object] (Symfony\\Component\\Console\\Exception\\NamespaceNotFoundException(code: 0): There are no commands defined in the \"ide-helper\" namespace. at /opt/lampp/htdocs/sweetman/vendor/symfony/console/Application.php:669)
[stacktrace]
#0 /opt/lampp/htdocs/sweetman/vendor/symfony/console/Application.php(720): Symfony\\Component\\Console\\Application->findNamespace()
#1 /opt/lampp/htdocs/sweetman/vendor/symfony/console/Application.php(266): Symfony\\Component\\Console\\Application->find()
#2 /opt/lampp/htdocs/sweetman/vendor/symfony/console/Application.php(175): Symfony\\Component\\Console\\Application->doRun()
#3 /opt/lampp/htdocs/sweetman/vendor/laravel/framework/src/Illuminate/Foundation/Console/Kernel.php(201): Symfony\\Component\\Console\\Application->run()
#4 /opt/lampp/htdocs/sweetman/artisan(35): Illuminate\\Foundation\\Console\\Kernel->handle()
#5 {main}
"} 
[2024-08-09 09:18:08] production.ERROR: There are no commands defined in the "ide-helper" namespace. {"exception":"[object] (Symfony\\Component\\Console\\Exception\\NamespaceNotFoundException(code: 0): There are no commands defined in the \"ide-helper\" namespace. at /opt/lampp/htdocs/sweetman/vendor/symfony/console/Application.php:669)
[stacktrace]
#0 /opt/lampp/htdocs/sweetman/vendor/symfony/console/Application.php(720): Symfony\\Component\\Console\\Application->findNamespace()
#1 /opt/lampp/htdocs/sweetman/vendor/symfony/console/Application.php(266): Symfony\\Component\\Console\\Application->find()
#2 /opt/lampp/htdocs/sweetman/vendor/symfony/console/Application.php(175): Symfony\\Component\\Console\\Application->doRun()
#3 /opt/lampp/htdocs/sweetman/vendor/laravel/framework/src/Illuminate/Foundation/Console/Kernel.php(201): Symfony\\Component\\Console\\Application->run()
#4 /opt/lampp/htdocs/sweetman/artisan(35): Illuminate\\Foundation\\Console\\Kernel->handle()
#5 {main}
"} 
[2024-08-09 09:18:16] production.ERROR: There are no commands defined in the "ide-helper" namespace. {"exception":"[object] (Symfony\\Component\\Console\\Exception\\NamespaceNotFoundException(code: 0): There are no commands defined in the \"ide-helper\" namespace. at /opt/lampp/htdocs/sweetman/vendor/symfony/console/Application.php:669)
[stacktrace]
#0 /opt/lampp/htdocs/sweetman/vendor/symfony/console/Application.php(720): Symfony\\Component\\Console\\Application->findNamespace()
#1 /opt/lampp/htdocs/sweetman/vendor/symfony/console/Application.php(266): Symfony\\Component\\Console\\Application->find()
#2 /opt/lampp/htdocs/sweetman/vendor/symfony/console/Application.php(175): Symfony\\Component\\Console\\Application->doRun()
#3 /opt/lampp/htdocs/sweetman/vendor/laravel/framework/src/Illuminate/Foundation/Console/Kernel.php(201): Symfony\\Component\\Console\\Application->run()
#4 /opt/lampp/htdocs/sweetman/artisan(35): Illuminate\\Foundation\\Console\\Kernel->handle()
#5 {main}
"} 
[2024-08-09 09:19:28] production.ERROR: There are no commands defined in the "ide-helper" namespace. {"exception":"[object] (Symfony\\Component\\Console\\Exception\\NamespaceNotFoundException(code: 0): There are no commands defined in the \"ide-helper\" namespace. at /opt/lampp/htdocs/sweetman/vendor/symfony/console/Application.php:669)
[stacktrace]
#0 /opt/lampp/htdocs/sweetman/vendor/symfony/console/Application.php(720): Symfony\\Component\\Console\\Application->findNamespace()
#1 /opt/lampp/htdocs/sweetman/vendor/symfony/console/Application.php(266): Symfony\\Component\\Console\\Application->find()
#2 /opt/lampp/htdocs/sweetman/vendor/symfony/console/Application.php(175): Symfony\\Component\\Console\\Application->doRun()
#3 /opt/lampp/htdocs/sweetman/vendor/laravel/framework/src/Illuminate/Foundation/Console/Kernel.php(201): Symfony\\Component\\Console\\Application->run()
#4 /opt/lampp/htdocs/sweetman/artisan(35): Illuminate\\Foundation\\Console\\Kernel->handle()
#5 {main}
"} 
[2024-08-09 09:19:44] production.ERROR: There are no commands defined in the "ide-helper" namespace. {"exception":"[object] (Symfony\\Component\\Console\\Exception\\NamespaceNotFoundException(code: 0): There are no commands defined in the \"ide-helper\" namespace. at /opt/lampp/htdocs/sweetman/vendor/symfony/console/Application.php:669)
[stacktrace]
#0 /opt/lampp/htdocs/sweetman/vendor/symfony/console/Application.php(720): Symfony\\Component\\Console\\Application->findNamespace()
#1 /opt/lampp/htdocs/sweetman/vendor/symfony/console/Application.php(266): Symfony\\Component\\Console\\Application->find()
#2 /opt/lampp/htdocs/sweetman/vendor/symfony/console/Application.php(175): Symfony\\Component\\Console\\Application->doRun()
#3 /opt/lampp/htdocs/sweetman/vendor/laravel/framework/src/Illuminate/Foundation/Console/Kernel.php(201): Symfony\\Component\\Console\\Application->run()
#4 /opt/lampp/htdocs/sweetman/artisan(35): Illuminate\\Foundation\\Console\\Kernel->handle()
#5 {main}
"} 
[2024-08-09 09:58:31] production.ERROR: There are no commands defined in the "ide-helper" namespace. {"exception":"[object] (Symfony\\Component\\Console\\Exception\\NamespaceNotFoundException(code: 0): There are no commands defined in the \"ide-helper\" namespace. at /opt/lampp/htdocs/sweetman/vendor/symfony/console/Application.php:669)
[stacktrace]
#0 /opt/lampp/htdocs/sweetman/vendor/symfony/console/Application.php(720): Symfony\\Component\\Console\\Application->findNamespace()
#1 /opt/lampp/htdocs/sweetman/vendor/symfony/console/Application.php(266): Symfony\\Component\\Console\\Application->find()
#2 /opt/lampp/htdocs/sweetman/vendor/symfony/console/Application.php(175): Symfony\\Component\\Console\\Application->doRun()
#3 /opt/lampp/htdocs/sweetman/vendor/laravel/framework/src/Illuminate/Foundation/Console/Kernel.php(201): Symfony\\Component\\Console\\Application->run()
#4 /opt/lampp/htdocs/sweetman/artisan(35): Illuminate\\Foundation\\Console\\Kernel->handle()
#5 {main}
"} 
[2024-08-09 09:58:51] production.ERROR: There are no commands defined in the "ide-helper" namespace. {"exception":"[object] (Symfony\\Component\\Console\\Exception\\NamespaceNotFoundException(code: 0): There are no commands defined in the \"ide-helper\" namespace. at /opt/lampp/htdocs/sweetman/vendor/symfony/console/Application.php:669)
[stacktrace]
#0 /opt/lampp/htdocs/sweetman/vendor/symfony/console/Application.php(720): Symfony\\Component\\Console\\Application->findNamespace()
#1 /opt/lampp/htdocs/sweetman/vendor/symfony/console/Application.php(266): Symfony\\Component\\Console\\Application->find()
#2 /opt/lampp/htdocs/sweetman/vendor/symfony/console/Application.php(175): Symfony\\Component\\Console\\Application->doRun()
#3 /opt/lampp/htdocs/sweetman/vendor/laravel/framework/src/Illuminate/Foundation/Console/Kernel.php(201): Symfony\\Component\\Console\\Application->run()
#4 /opt/lampp/htdocs/sweetman/artisan(35): Illuminate\\Foundation\\Console\\Kernel->handle()
#5 {main}
"} 
[2024-08-09 09:59:04] production.ERROR: There are no commands defined in the "ide-helper" namespace. {"exception":"[object] (Symfony\\Component\\Console\\Exception\\NamespaceNotFoundException(code: 0): There are no commands defined in the \"ide-helper\" namespace. at /opt/lampp/htdocs/sweetman/vendor/symfony/console/Application.php:669)
[stacktrace]
#0 /opt/lampp/htdocs/sweetman/vendor/symfony/console/Application.php(720): Symfony\\Component\\Console\\Application->findNamespace()
#1 /opt/lampp/htdocs/sweetman/vendor/symfony/console/Application.php(266): Symfony\\Component\\Console\\Application->find()
#2 /opt/lampp/htdocs/sweetman/vendor/symfony/console/Application.php(175): Symfony\\Component\\Console\\Application->doRun()
#3 /opt/lampp/htdocs/sweetman/vendor/laravel/framework/src/Illuminate/Foundation/Console/Kernel.php(201): Symfony\\Component\\Console\\Application->run()
#4 /opt/lampp/htdocs/sweetman/artisan(35): Illuminate\\Foundation\\Console\\Kernel->handle()
#5 {main}
"} 
[2024-08-09 09:59:06] production.ERROR: There are no commands defined in the "ide-helper" namespace. {"exception":"[object] (Symfony\\Component\\Console\\Exception\\NamespaceNotFoundException(code: 0): There are no commands defined in the \"ide-helper\" namespace. at /opt/lampp/htdocs/sweetman/vendor/symfony/console/Application.php:669)
[stacktrace]
#0 /opt/lampp/htdocs/sweetman/vendor/symfony/console/Application.php(720): Symfony\\Component\\Console\\Application->findNamespace()
#1 /opt/lampp/htdocs/sweetman/vendor/symfony/console/Application.php(266): Symfony\\Component\\Console\\Application->find()
#2 /opt/lampp/htdocs/sweetman/vendor/symfony/console/Application.php(175): Symfony\\Component\\Console\\Application->doRun()
#3 /opt/lampp/htdocs/sweetman/vendor/laravel/framework/src/Illuminate/Foundation/Console/Kernel.php(201): Symfony\\Component\\Console\\Application->run()
#4 /opt/lampp/htdocs/sweetman/artisan(35): Illuminate\\Foundation\\Console\\Kernel->handle()
#5 {main}
"} 
[2024-08-09 09:59:38] production.ERROR: There are no commands defined in the "ide-helper" namespace. {"exception":"[object] (Symfony\\Component\\Console\\Exception\\NamespaceNotFoundException(code: 0): There are no commands defined in the \"ide-helper\" namespace. at /opt/lampp/htdocs/sweetman/vendor/symfony/console/Application.php:669)
[stacktrace]
#0 /opt/lampp/htdocs/sweetman/vendor/symfony/console/Application.php(720): Symfony\\Component\\Console\\Application->findNamespace()
#1 /opt/lampp/htdocs/sweetman/vendor/symfony/console/Application.php(266): Symfony\\Component\\Console\\Application->find()
#2 /opt/lampp/htdocs/sweetman/vendor/symfony/console/Application.php(175): Symfony\\Component\\Console\\Application->doRun()
#3 /opt/lampp/htdocs/sweetman/vendor/laravel/framework/src/Illuminate/Foundation/Console/Kernel.php(201): Symfony\\Component\\Console\\Application->run()
#4 /opt/lampp/htdocs/sweetman/artisan(35): Illuminate\\Foundation\\Console\\Kernel->handle()
#5 {main}
"} 
[2024-08-09 09:59:41] production.ERROR: There are no commands defined in the "ide-helper" namespace. {"exception":"[object] (Symfony\\Component\\Console\\Exception\\NamespaceNotFoundException(code: 0): There are no commands defined in the \"ide-helper\" namespace. at /opt/lampp/htdocs/sweetman/vendor/symfony/console/Application.php:669)
[stacktrace]
#0 /opt/lampp/htdocs/sweetman/vendor/symfony/console/Application.php(720): Symfony\\Component\\Console\\Application->findNamespace()
#1 /opt/lampp/htdocs/sweetman/vendor/symfony/console/Application.php(266): Symfony\\Component\\Console\\Application->find()
#2 /opt/lampp/htdocs/sweetman/vendor/symfony/console/Application.php(175): Symfony\\Component\\Console\\Application->doRun()
#3 /opt/lampp/htdocs/sweetman/vendor/laravel/framework/src/Illuminate/Foundation/Console/Kernel.php(201): Symfony\\Component\\Console\\Application->run()
#4 /opt/lampp/htdocs/sweetman/artisan(35): Illuminate\\Foundation\\Console\\Kernel->handle()
#5 {main}
"} 
