[2024-08-05 20:34:14] production.ERROR: There are no commands defined in the "ide-helper" namespace. {"exception":"[object] (Symfony\\Component\\Console\\Exception\\NamespaceNotFoundException(code: 0): There are no commands defined in the \"ide-helper\" namespace. at /opt/lampp/htdocs/sweetman/vendor/symfony/console/Application.php:669)
[stacktrace]
#0 /opt/lampp/htdocs/sweetman/vendor/symfony/console/Application.php(720): Symfony\\Component\\Console\\Application->findNamespace()
#1 /opt/lampp/htdocs/sweetman/vendor/symfony/console/Application.php(266): Symfony\\Component\\Console\\Application->find()
#2 /opt/lampp/htdocs/sweetman/vendor/symfony/console/Application.php(175): Symfony\\Component\\Console\\Application->doRun()
#3 /opt/lampp/htdocs/sweetman/vendor/laravel/framework/src/Illuminate/Foundation/Console/Kernel.php(201): Symfony\\Component\\Console\\Application->run()
#4 /opt/lampp/htdocs/sweetman/artisan(35): Illuminate\\Foundation\\Console\\Kernel->handle()
#5 {main}
"} 
[2024-08-05 20:35:24] local.ERROR: Symfony\Component\HttpFoundation\Request::create(): Argument #1 ($uri) must be of type string, null given, called in /opt/lampp/htdocs/sweetman/vendor/laravel/framework/src/Illuminate/Foundation/Bootstrap/SetRequestForConsole.php on line 31 {"exception":"[object] (TypeError(code: 0): Symfony\\Component\\HttpFoundation\\Request::create(): Argument #1 ($uri) must be of type string, null given, called in /opt/lampp/htdocs/sweetman/vendor/laravel/framework/src/Illuminate/Foundation/Bootstrap/SetRequestForConsole.php on line 31 at /opt/lampp/htdocs/sweetman/vendor/symfony/http-foundation/Request.php:330)
[stacktrace]
#0 /opt/lampp/htdocs/sweetman/vendor/laravel/framework/src/Illuminate/Foundation/Bootstrap/SetRequestForConsole.php(31): Symfony\\Component\\HttpFoundation\\Request::create()
#1 /opt/lampp/htdocs/sweetman/vendor/laravel/framework/src/Illuminate/Foundation/Application.php(263): Illuminate\\Foundation\\Bootstrap\\SetRequestForConsole->bootstrap()
#2 /opt/lampp/htdocs/sweetman/vendor/laravel/framework/src/Illuminate/Foundation/Console/Kernel.php(447): Illuminate\\Foundation\\Application->bootstrapWith()
#3 /opt/lampp/htdocs/sweetman/vendor/laravel/framework/src/Illuminate/Foundation/Console/Kernel.php(199): Illuminate\\Foundation\\Console\\Kernel->bootstrap()
#4 /opt/lampp/htdocs/sweetman/artisan(35): Illuminate\\Foundation\\Console\\Kernel->handle()
#5 {main}
"} 
[2024-08-05 20:35:29] local.ERROR: Symfony\Component\HttpFoundation\Request::create(): Argument #1 ($uri) must be of type string, null given, called in /opt/lampp/htdocs/sweetman/vendor/laravel/framework/src/Illuminate/Foundation/Bootstrap/SetRequestForConsole.php on line 31 {"exception":"[object] (TypeError(code: 0): Symfony\\Component\\HttpFoundation\\Request::create(): Argument #1 ($uri) must be of type string, null given, called in /opt/lampp/htdocs/sweetman/vendor/laravel/framework/src/Illuminate/Foundation/Bootstrap/SetRequestForConsole.php on line 31 at /opt/lampp/htdocs/sweetman/vendor/symfony/http-foundation/Request.php:330)
[stacktrace]
#0 /opt/lampp/htdocs/sweetman/vendor/laravel/framework/src/Illuminate/Foundation/Bootstrap/SetRequestForConsole.php(31): Symfony\\Component\\HttpFoundation\\Request::create()
#1 /opt/lampp/htdocs/sweetman/vendor/laravel/framework/src/Illuminate/Foundation/Application.php(263): Illuminate\\Foundation\\Bootstrap\\SetRequestForConsole->bootstrap()
#2 /opt/lampp/htdocs/sweetman/vendor/laravel/framework/src/Illuminate/Foundation/Console/Kernel.php(447): Illuminate\\Foundation\\Application->bootstrapWith()
#3 /opt/lampp/htdocs/sweetman/vendor/laravel/framework/src/Illuminate/Foundation/Console/Kernel.php(199): Illuminate\\Foundation\\Console\\Kernel->bootstrap()
#4 Command line code(1): Illuminate\\Foundation\\Console\\Kernel->handle()
#5 {main}
"} 
[2024-08-05 20:35:29] local.ERROR: Symfony\Component\HttpFoundation\Request::create(): Argument #1 ($uri) must be of type string, null given, called in /opt/lampp/htdocs/sweetman/vendor/laravel/framework/src/Illuminate/Foundation/Bootstrap/SetRequestForConsole.php on line 31 {"exception":"[object] (TypeError(code: 0): Symfony\\Component\\HttpFoundation\\Request::create(): Argument #1 ($uri) must be of type string, null given, called in /opt/lampp/htdocs/sweetman/vendor/laravel/framework/src/Illuminate/Foundation/Bootstrap/SetRequestForConsole.php on line 31 at /opt/lampp/htdocs/sweetman/vendor/symfony/http-foundation/Request.php:330)
[stacktrace]
#0 /opt/lampp/htdocs/sweetman/vendor/laravel/framework/src/Illuminate/Foundation/Bootstrap/SetRequestForConsole.php(31): Symfony\\Component\\HttpFoundation\\Request::create()
#1 /opt/lampp/htdocs/sweetman/vendor/laravel/framework/src/Illuminate/Foundation/Application.php(263): Illuminate\\Foundation\\Bootstrap\\SetRequestForConsole->bootstrap()
#2 /opt/lampp/htdocs/sweetman/vendor/laravel/framework/src/Illuminate/Foundation/Console/Kernel.php(447): Illuminate\\Foundation\\Application->bootstrapWith()
#3 /opt/lampp/htdocs/sweetman/vendor/laravel/framework/src/Illuminate/Foundation/Console/Kernel.php(199): Illuminate\\Foundation\\Console\\Kernel->bootstrap()
#4 Command line code(1): Illuminate\\Foundation\\Console\\Kernel->handle()
#5 {main}
"} 
[2024-08-05 20:43:27] local.ERROR: Undefined constant "App\Providers\SYSTEM_PROCESSING_DIRECTORY" {"exception":"[object] (Error(code: 0): Undefined constant \"App\\Providers\\SYSTEM_PROCESSING_DIRECTORY\" at /opt/lampp/htdocs/sweetman/app/Providers/AppServiceProvider.php:41)
[stacktrace]
#0 /opt/lampp/htdocs/sweetman/vendor/laravel/framework/src/Illuminate/Container/BoundMethod.php(36): App\\Providers\\AppServiceProvider->boot()
#1 /opt/lampp/htdocs/sweetman/vendor/laravel/framework/src/Illuminate/Container/Util.php(41): Illuminate\\Container\\BoundMethod::Illuminate\\Container\\{closure}()
#2 /opt/lampp/htdocs/sweetman/vendor/laravel/framework/src/Illuminate/Container/BoundMethod.php(93): Illuminate\\Container\\Util::unwrapIfClosure()
#3 /opt/lampp/htdocs/sweetman/vendor/laravel/framework/src/Illuminate/Container/BoundMethod.php(35): Illuminate\\Container\\BoundMethod::callBoundMethod()
#4 /opt/lampp/htdocs/sweetman/vendor/laravel/framework/src/Illuminate/Container/Container.php(662): Illuminate\\Container\\BoundMethod::call()
#5 /opt/lampp/htdocs/sweetman/vendor/laravel/framework/src/Illuminate/Foundation/Application.php(1034): Illuminate\\Container\\Container->call()
#6 /opt/lampp/htdocs/sweetman/vendor/laravel/framework/src/Illuminate/Foundation/Application.php(1015): Illuminate\\Foundation\\Application->bootProvider()
#7 [internal function]: Illuminate\\Foundation\\Application->Illuminate\\Foundation\\{closure}()
#8 /opt/lampp/htdocs/sweetman/vendor/laravel/framework/src/Illuminate/Foundation/Application.php(1014): array_walk()
#9 /opt/lampp/htdocs/sweetman/vendor/laravel/framework/src/Illuminate/Foundation/Bootstrap/BootProviders.php(17): Illuminate\\Foundation\\Application->boot()
#10 /opt/lampp/htdocs/sweetman/vendor/laravel/framework/src/Illuminate/Foundation/Application.php(263): Illuminate\\Foundation\\Bootstrap\\BootProviders->bootstrap()
#11 /opt/lampp/htdocs/sweetman/vendor/laravel/framework/src/Illuminate/Foundation/Console/Kernel.php(447): Illuminate\\Foundation\\Application->bootstrapWith()
#12 /opt/lampp/htdocs/sweetman/vendor/laravel/framework/src/Illuminate/Foundation/Console/Kernel.php(199): Illuminate\\Foundation\\Console\\Kernel->bootstrap()
#13 /opt/lampp/htdocs/sweetman/artisan(35): Illuminate\\Foundation\\Console\\Kernel->handle()
#14 {main}
"} 
[2024-08-05 20:43:31] local.ERROR: Undefined constant "App\Providers\SYSTEM_PROCESSING_DIRECTORY" {"exception":"[object] (Error(code: 0): Undefined constant \"App\\Providers\\SYSTEM_PROCESSING_DIRECTORY\" at /opt/lampp/htdocs/sweetman/app/Providers/AppServiceProvider.php:41)
[stacktrace]
#0 /opt/lampp/htdocs/sweetman/vendor/laravel/framework/src/Illuminate/Container/BoundMethod.php(36): App\\Providers\\AppServiceProvider->boot()
#1 /opt/lampp/htdocs/sweetman/vendor/laravel/framework/src/Illuminate/Container/Util.php(41): Illuminate\\Container\\BoundMethod::Illuminate\\Container\\{closure}()
#2 /opt/lampp/htdocs/sweetman/vendor/laravel/framework/src/Illuminate/Container/BoundMethod.php(93): Illuminate\\Container\\Util::unwrapIfClosure()
#3 /opt/lampp/htdocs/sweetman/vendor/laravel/framework/src/Illuminate/Container/BoundMethod.php(35): Illuminate\\Container\\BoundMethod::callBoundMethod()
#4 /opt/lampp/htdocs/sweetman/vendor/laravel/framework/src/Illuminate/Container/Container.php(662): Illuminate\\Container\\BoundMethod::call()
#5 /opt/lampp/htdocs/sweetman/vendor/laravel/framework/src/Illuminate/Foundation/Application.php(1034): Illuminate\\Container\\Container->call()
#6 /opt/lampp/htdocs/sweetman/vendor/laravel/framework/src/Illuminate/Foundation/Application.php(1015): Illuminate\\Foundation\\Application->bootProvider()
#7 [internal function]: Illuminate\\Foundation\\Application->Illuminate\\Foundation\\{closure}()
#8 /opt/lampp/htdocs/sweetman/vendor/laravel/framework/src/Illuminate/Foundation/Application.php(1014): array_walk()
#9 /opt/lampp/htdocs/sweetman/vendor/laravel/framework/src/Illuminate/Foundation/Bootstrap/BootProviders.php(17): Illuminate\\Foundation\\Application->boot()
#10 /opt/lampp/htdocs/sweetman/vendor/laravel/framework/src/Illuminate/Foundation/Application.php(263): Illuminate\\Foundation\\Bootstrap\\BootProviders->bootstrap()
#11 /opt/lampp/htdocs/sweetman/vendor/laravel/framework/src/Illuminate/Foundation/Console/Kernel.php(447): Illuminate\\Foundation\\Application->bootstrapWith()
#12 /opt/lampp/htdocs/sweetman/vendor/laravel/framework/src/Illuminate/Foundation/Console/Kernel.php(199): Illuminate\\Foundation\\Console\\Kernel->bootstrap()
#13 Command line code(1): Illuminate\\Foundation\\Console\\Kernel->handle()
#14 {main}
"} 
[2024-08-05 20:43:36] local.ERROR: Undefined constant "App\Providers\SYSTEM_PROCESSING_DIRECTORY" {"exception":"[object] (Error(code: 0): Undefined constant \"App\\Providers\\SYSTEM_PROCESSING_DIRECTORY\" at /opt/lampp/htdocs/sweetman/app/Providers/AppServiceProvider.php:41)
[stacktrace]
#0 /opt/lampp/htdocs/sweetman/vendor/laravel/framework/src/Illuminate/Container/BoundMethod.php(36): App\\Providers\\AppServiceProvider->boot()
#1 /opt/lampp/htdocs/sweetman/vendor/laravel/framework/src/Illuminate/Container/Util.php(41): Illuminate\\Container\\BoundMethod::Illuminate\\Container\\{closure}()
#2 /opt/lampp/htdocs/sweetman/vendor/laravel/framework/src/Illuminate/Container/BoundMethod.php(93): Illuminate\\Container\\Util::unwrapIfClosure()
#3 /opt/lampp/htdocs/sweetman/vendor/laravel/framework/src/Illuminate/Container/BoundMethod.php(35): Illuminate\\Container\\BoundMethod::callBoundMethod()
#4 /opt/lampp/htdocs/sweetman/vendor/laravel/framework/src/Illuminate/Container/Container.php(662): Illuminate\\Container\\BoundMethod::call()
#5 /opt/lampp/htdocs/sweetman/vendor/laravel/framework/src/Illuminate/Foundation/Application.php(1034): Illuminate\\Container\\Container->call()
#6 /opt/lampp/htdocs/sweetman/vendor/laravel/framework/src/Illuminate/Foundation/Application.php(1015): Illuminate\\Foundation\\Application->bootProvider()
#7 [internal function]: Illuminate\\Foundation\\Application->Illuminate\\Foundation\\{closure}()
#8 /opt/lampp/htdocs/sweetman/vendor/laravel/framework/src/Illuminate/Foundation/Application.php(1014): array_walk()
#9 /opt/lampp/htdocs/sweetman/vendor/laravel/framework/src/Illuminate/Foundation/Bootstrap/BootProviders.php(17): Illuminate\\Foundation\\Application->boot()
#10 /opt/lampp/htdocs/sweetman/vendor/laravel/framework/src/Illuminate/Foundation/Application.php(263): Illuminate\\Foundation\\Bootstrap\\BootProviders->bootstrap()
#11 /opt/lampp/htdocs/sweetman/vendor/laravel/framework/src/Illuminate/Foundation/Console/Kernel.php(447): Illuminate\\Foundation\\Application->bootstrapWith()
#12 /opt/lampp/htdocs/sweetman/vendor/laravel/framework/src/Illuminate/Foundation/Console/Kernel.php(199): Illuminate\\Foundation\\Console\\Kernel->bootstrap()
#13 Command line code(1): Illuminate\\Foundation\\Console\\Kernel->handle()
#14 {main}
"} 
[2024-08-05 20:43:41] local.ERROR: Undefined constant "App\Providers\SYSTEM_PROCESSING_DIRECTORY" {"exception":"[object] (Error(code: 0): Undefined constant \"App\\Providers\\SYSTEM_PROCESSING_DIRECTORY\" at /opt/lampp/htdocs/sweetman/app/Providers/AppServiceProvider.php:41)
[stacktrace]
#0 /opt/lampp/htdocs/sweetman/vendor/laravel/framework/src/Illuminate/Container/BoundMethod.php(36): App\\Providers\\AppServiceProvider->boot()
#1 /opt/lampp/htdocs/sweetman/vendor/laravel/framework/src/Illuminate/Container/Util.php(41): Illuminate\\Container\\BoundMethod::Illuminate\\Container\\{closure}()
#2 /opt/lampp/htdocs/sweetman/vendor/laravel/framework/src/Illuminate/Container/BoundMethod.php(93): Illuminate\\Container\\Util::unwrapIfClosure()
#3 /opt/lampp/htdocs/sweetman/vendor/laravel/framework/src/Illuminate/Container/BoundMethod.php(35): Illuminate\\Container\\BoundMethod::callBoundMethod()
#4 /opt/lampp/htdocs/sweetman/vendor/laravel/framework/src/Illuminate/Container/Container.php(662): Illuminate\\Container\\BoundMethod::call()
#5 /opt/lampp/htdocs/sweetman/vendor/laravel/framework/src/Illuminate/Foundation/Application.php(1034): Illuminate\\Container\\Container->call()
#6 /opt/lampp/htdocs/sweetman/vendor/laravel/framework/src/Illuminate/Foundation/Application.php(1015): Illuminate\\Foundation\\Application->bootProvider()
#7 [internal function]: Illuminate\\Foundation\\Application->Illuminate\\Foundation\\{closure}()
#8 /opt/lampp/htdocs/sweetman/vendor/laravel/framework/src/Illuminate/Foundation/Application.php(1014): array_walk()
#9 /opt/lampp/htdocs/sweetman/vendor/laravel/framework/src/Illuminate/Foundation/Bootstrap/BootProviders.php(17): Illuminate\\Foundation\\Application->boot()
#10 /opt/lampp/htdocs/sweetman/vendor/laravel/framework/src/Illuminate/Foundation/Application.php(263): Illuminate\\Foundation\\Bootstrap\\BootProviders->bootstrap()
#11 /opt/lampp/htdocs/sweetman/vendor/laravel/framework/src/Illuminate/Foundation/Console/Kernel.php(447): Illuminate\\Foundation\\Application->bootstrapWith()
#12 /opt/lampp/htdocs/sweetman/vendor/laravel/framework/src/Illuminate/Foundation/Console/Kernel.php(199): Illuminate\\Foundation\\Console\\Kernel->bootstrap()
#13 Command line code(1): Illuminate\\Foundation\\Console\\Kernel->handle()
#14 {main}
"} 
[2024-08-05 20:43:46] local.ERROR: Undefined constant "App\Providers\SYSTEM_PROCESSING_DIRECTORY" {"exception":"[object] (Error(code: 0): Undefined constant \"App\\Providers\\SYSTEM_PROCESSING_DIRECTORY\" at /opt/lampp/htdocs/sweetman/app/Providers/AppServiceProvider.php:41)
[stacktrace]
#0 /opt/lampp/htdocs/sweetman/vendor/laravel/framework/src/Illuminate/Container/BoundMethod.php(36): App\\Providers\\AppServiceProvider->boot()
#1 /opt/lampp/htdocs/sweetman/vendor/laravel/framework/src/Illuminate/Container/Util.php(41): Illuminate\\Container\\BoundMethod::Illuminate\\Container\\{closure}()
#2 /opt/lampp/htdocs/sweetman/vendor/laravel/framework/src/Illuminate/Container/BoundMethod.php(93): Illuminate\\Container\\Util::unwrapIfClosure()
#3 /opt/lampp/htdocs/sweetman/vendor/laravel/framework/src/Illuminate/Container/BoundMethod.php(35): Illuminate\\Container\\BoundMethod::callBoundMethod()
#4 /opt/lampp/htdocs/sweetman/vendor/laravel/framework/src/Illuminate/Container/Container.php(662): Illuminate\\Container\\BoundMethod::call()
#5 /opt/lampp/htdocs/sweetman/vendor/laravel/framework/src/Illuminate/Foundation/Application.php(1034): Illuminate\\Container\\Container->call()
#6 /opt/lampp/htdocs/sweetman/vendor/laravel/framework/src/Illuminate/Foundation/Application.php(1015): Illuminate\\Foundation\\Application->bootProvider()
#7 [internal function]: Illuminate\\Foundation\\Application->Illuminate\\Foundation\\{closure}()
#8 /opt/lampp/htdocs/sweetman/vendor/laravel/framework/src/Illuminate/Foundation/Application.php(1014): array_walk()
#9 /opt/lampp/htdocs/sweetman/vendor/laravel/framework/src/Illuminate/Foundation/Bootstrap/BootProviders.php(17): Illuminate\\Foundation\\Application->boot()
#10 /opt/lampp/htdocs/sweetman/vendor/laravel/framework/src/Illuminate/Foundation/Application.php(263): Illuminate\\Foundation\\Bootstrap\\BootProviders->bootstrap()
#11 /opt/lampp/htdocs/sweetman/vendor/laravel/framework/src/Illuminate/Foundation/Console/Kernel.php(447): Illuminate\\Foundation\\Application->bootstrapWith()
#12 /opt/lampp/htdocs/sweetman/vendor/laravel/framework/src/Illuminate/Foundation/Console/Kernel.php(199): Illuminate\\Foundation\\Console\\Kernel->bootstrap()
#13 Command line code(1): Illuminate\\Foundation\\Console\\Kernel->handle()
#14 {main}
"} 
[2024-08-05 20:43:51] local.ERROR: Undefined constant "App\Providers\SYSTEM_PROCESSING_DIRECTORY" {"exception":"[object] (Error(code: 0): Undefined constant \"App\\Providers\\SYSTEM_PROCESSING_DIRECTORY\" at /opt/lampp/htdocs/sweetman/app/Providers/AppServiceProvider.php:41)
[stacktrace]
#0 /opt/lampp/htdocs/sweetman/vendor/laravel/framework/src/Illuminate/Container/BoundMethod.php(36): App\\Providers\\AppServiceProvider->boot()
#1 /opt/lampp/htdocs/sweetman/vendor/laravel/framework/src/Illuminate/Container/Util.php(41): Illuminate\\Container\\BoundMethod::Illuminate\\Container\\{closure}()
#2 /opt/lampp/htdocs/sweetman/vendor/laravel/framework/src/Illuminate/Container/BoundMethod.php(93): Illuminate\\Container\\Util::unwrapIfClosure()
#3 /opt/lampp/htdocs/sweetman/vendor/laravel/framework/src/Illuminate/Container/BoundMethod.php(35): Illuminate\\Container\\BoundMethod::callBoundMethod()
#4 /opt/lampp/htdocs/sweetman/vendor/laravel/framework/src/Illuminate/Container/Container.php(662): Illuminate\\Container\\BoundMethod::call()
#5 /opt/lampp/htdocs/sweetman/vendor/laravel/framework/src/Illuminate/Foundation/Application.php(1034): Illuminate\\Container\\Container->call()
#6 /opt/lampp/htdocs/sweetman/vendor/laravel/framework/src/Illuminate/Foundation/Application.php(1015): Illuminate\\Foundation\\Application->bootProvider()
#7 [internal function]: Illuminate\\Foundation\\Application->Illuminate\\Foundation\\{closure}()
#8 /opt/lampp/htdocs/sweetman/vendor/laravel/framework/src/Illuminate/Foundation/Application.php(1014): array_walk()
#9 /opt/lampp/htdocs/sweetman/vendor/laravel/framework/src/Illuminate/Foundation/Bootstrap/BootProviders.php(17): Illuminate\\Foundation\\Application->boot()
#10 /opt/lampp/htdocs/sweetman/vendor/laravel/framework/src/Illuminate/Foundation/Application.php(263): Illuminate\\Foundation\\Bootstrap\\BootProviders->bootstrap()
#11 /opt/lampp/htdocs/sweetman/vendor/laravel/framework/src/Illuminate/Foundation/Console/Kernel.php(447): Illuminate\\Foundation\\Application->bootstrapWith()
#12 /opt/lampp/htdocs/sweetman/vendor/laravel/framework/src/Illuminate/Foundation/Console/Kernel.php(199): Illuminate\\Foundation\\Console\\Kernel->bootstrap()
#13 Command line code(1): Illuminate\\Foundation\\Console\\Kernel->handle()
#14 {main}
"} 
